This file contains any messages produced by compilers while
running configure, to aid debugging if configure makes a mistake.

It was created by p4-build configure 0.2, which was
generated by GNU Autoconf 2.69.  Invocation command line was

  $ /home/yifan/Intel/bf-sde-9.6.0/pkgsrc/p4-build/configure --with-p4c=/home/yifan/Intel/bf-sde-9.6.0/install/bin/bf-p4c --with-tofino --with-bf-runtime --prefix=/home/yifan/Intel/bf-sde-9.6.0/install --bindir=/home/yifan/Intel/bf-sde-9.6.0/install/bin P4_NAME=tna_nbnswitch P4_PATH=/home/yifan/Intel/P4_NECK/tna_nbnswitch/tna_nbnswitch.p4 P4_VERSION=p4-16 P4_ARCHITECTURE=tna LDFLAGS=-L/home/yifan/Intel/bf-sde-9.6.0/install/lib P4FLAGS= P4PPFLAGS=

## --------- ##
## Platform. ##
## --------- ##

hostname = ubuntutemplate2004
uname -m = x86_64
uname -r = 5.4.0-149-generic
uname -s = Linux
uname -v = #166-Ubuntu SMP Tue Apr 18 16:51:45 UTC 2023

/usr/bin/uname -p = x86_64
/bin/uname -X     = unknown

/bin/arch              = x86_64
/usr/bin/arch -k       = unknown
/usr/convex/getsysinfo = unknown
/usr/bin/hostinfo      = unknown
/bin/machine           = unknown
/usr/bin/oslevel       = unknown
/bin/universe          = unknown

PATH: /home/yifan/.local/bin
PATH: /usr/local/sbin
PATH: /usr/local/bin
PATH: /usr/sbin
PATH: /usr/bin
PATH: /sbin
PATH: /bin
PATH: /usr/games
PATH: /usr/local/games
PATH: /snap/bin
PATH: /home/yifan/Intel/bf-sde-9.6.0/install/bin


## ----------- ##
## Core tests. ##
## ----------- ##

configure:2627: checking for a BSD-compatible install
configure:2695: result: /usr/bin/install -c
configure:2706: checking whether build environment is sane
configure:2761: result: yes
configure:2910: checking for a thread-safe mkdir -p
configure:2949: result: /usr/bin/mkdir -p
configure:2956: checking for gawk
configure:2972: found /usr/bin/gawk
configure:2983: result: gawk
configure:2994: checking whether make sets $(MAKE)
configure:3016: result: yes
configure:3045: checking whether make supports nested variables
configure:3062: result: yes
configure:3230: checking for a Python interpreter with version >= 2.7
configure:3247: python -c import sys # split strings by '.' and convert to numeric. Append some zeros # because we need at least 4 digits for the hex conversion. # map returns an iterator in Python 3.0 and a list in 2.x minver = list(map(int, '2.7'.split('.'))) + [0, 0, 0] minverhex = 0 # xrange is not present in Python 3.0 and range returns an iterator for i in list(range(0, 4)): minverhex = (minverhex << 8) + minver[i] sys.exit(sys.hexversion < minverhex)
configure:3250: $? = 0
configure:3256: result: python
configure:3264: checking for python
configure:3282: found /usr/bin/python
configure:3294: result: /usr/bin/python
configure:3572: checking for python version
configure:3579: result: 3.8
configure:3591: checking for python platform
configure:3598: result: linux
configure:3624: checking for python script directory
configure:3659: result: ${prefix}/lib/python3.8/site-packages
configure:3668: checking for python extension module directory
configure:3703: result: ${exec_prefix}/lib/python3.8/site-packages
configure:3981: Environment variable P4_PREFIX not set, using P4_NAME
configure:4067: checking for g++
configure:4083: found /usr/bin/g++
configure:4094: result: g++
configure:4121: checking for C++ compiler version
configure:4130: g++ --version >&5
g++ (Ubuntu 9.4.0-1ubuntu1~20.04.1) 9.4.0
Copyright (C) 2019 Free Software Foundation, Inc.
This is free software; see the source for copying conditions.  There is NO
warranty; not even for MERCHANTABILITY or FITNESS FOR A PARTICULAR PURPOSE.

configure:4141: $? = 0
configure:4130: g++ -v >&5
Using built-in specs.
COLLECT_GCC=g++
COLLECT_LTO_WRAPPER=/usr/lib/gcc/x86_64-linux-gnu/9/lto-wrapper
OFFLOAD_TARGET_NAMES=nvptx-none:hsa
OFFLOAD_TARGET_DEFAULT=1
Target: x86_64-linux-gnu
Configured with: ../src/configure -v --with-pkgversion='Ubuntu 9.4.0-1ubuntu1~20.04.1' --with-bugurl=file:///usr/share/doc/gcc-9/README.Bugs --enable-languages=c,ada,c++,go,brig,d,fortran,objc,obj-c++,gm2 --prefix=/usr --with-gcc-major-version-only --program-suffix=-9 --program-prefix=x86_64-linux-gnu- --enable-shared --enable-linker-build-id --libexecdir=/usr/lib --without-included-gettext --enable-threads=posix --libdir=/usr/lib --enable-nls --enable-clocale=gnu --enable-libstdcxx-debug --enable-libstdcxx-time=yes --with-default-libstdcxx-abi=new --enable-gnu-unique-object --disable-vtable-verify --enable-plugin --enable-default-pie --with-system-zlib --with-target-system-zlib=auto --enable-objc-gc=auto --enable-multiarch --disable-werror --with-arch-32=i686 --with-abi=m64 --with-multilib-list=m32,m64,mx32 --enable-multilib --with-tune=generic --enable-offload-targets=nvptx-none=/build/gcc-9-Av3uEd/gcc-9-9.4.0/debian/tmp-nvptx/usr,hsa --without-cuda-driver --enable-checking=release --build=x86_64-linux-gnu --host=x86_64-linux-gnu --target=x86_64-linux-gnu
Thread model: posix
gcc version 9.4.0 (Ubuntu 9.4.0-1ubuntu1~20.04.1) 
configure:4141: $? = 0
configure:4130: g++ -V >&5
g++: error: unrecognized command line option '-V'
g++: fatal error: no input files
compilation terminated.
configure:4141: $? = 1
configure:4130: g++ -qversion >&5
g++: error: unrecognized command line option '-qversion'; did you mean '--version'?
g++: fatal error: no input files
compilation terminated.
configure:4141: $? = 1
configure:4161: checking whether the C++ compiler works
configure:4183: g++ -g  -L/home/yifan/Intel/bf-sde-9.6.0/install/lib conftest.cpp  >&5
configure:4187: $? = 0
configure:4235: result: yes
configure:4238: checking for C++ compiler default output file name
configure:4240: result: a.out
configure:4246: checking for suffix of executables
configure:4253: g++ -o conftest -g  -L/home/yifan/Intel/bf-sde-9.6.0/install/lib conftest.cpp  >&5
configure:4257: $? = 0
configure:4279: result: 
configure:4301: checking whether we are cross compiling
configure:4309: g++ -o conftest -g  -L/home/yifan/Intel/bf-sde-9.6.0/install/lib conftest.cpp  >&5
configure:4313: $? = 0
configure:4320: ./conftest
configure:4324: $? = 0
configure:4312: result: no
configure:4317: checking for suffix of object files
configure:4339: g++ -c -g  conftest.cpp >&5
configure:4343: $? = 0
configure:4364: result: o
configure:4368: checking whether we are using the GNU C++ compiler
configure:4387: g++ -c -g  conftest.cpp >&5
configure:4387: $? = 0
configure:4396: result: yes
configure:4405: checking whether g++ accepts -g
configure:4425: g++ -c -g  conftest.cpp >&5
configure:4425: $? = 0
configure:4466: result: yes
configure:4500: checking for style of include used by make
configure:4528: result: GNU
configure:4554: checking dependency style of g++
configure:4665: result: gcc3
configure:4728: checking for gcc
configure:4744: found /usr/bin/gcc
configure:4755: result: gcc
configure:4984: checking for C compiler version
configure:4993: gcc --version >&5
gcc (Ubuntu 9.4.0-1ubuntu1~20.04.1) 9.4.0
Copyright (C) 2019 Free Software Foundation, Inc.
This is free software; see the source for copying conditions.  There is NO
warranty; not even for MERCHANTABILITY or FITNESS FOR A PARTICULAR PURPOSE.

configure:5004: $? = 0
configure:4993: gcc -v >&5
Using built-in specs.
COLLECT_GCC=gcc
COLLECT_LTO_WRAPPER=/usr/lib/gcc/x86_64-linux-gnu/9/lto-wrapper
OFFLOAD_TARGET_NAMES=nvptx-none:hsa
OFFLOAD_TARGET_DEFAULT=1
Target: x86_64-linux-gnu
Configured with: ../src/configure -v --with-pkgversion='Ubuntu 9.4.0-1ubuntu1~20.04.1' --with-bugurl=file:///usr/share/doc/gcc-9/README.Bugs --enable-languages=c,ada,c++,go,brig,d,fortran,objc,obj-c++,gm2 --prefix=/usr --with-gcc-major-version-only --program-suffix=-9 --program-prefix=x86_64-linux-gnu- --enable-shared --enable-linker-build-id --libexecdir=/usr/lib --without-included-gettext --enable-threads=posix --libdir=/usr/lib --enable-nls --enable-clocale=gnu --enable-libstdcxx-debug --enable-libstdcxx-time=yes --with-default-libstdcxx-abi=new --enable-gnu-unique-object --disable-vtable-verify --enable-plugin --enable-default-pie --with-system-zlib --with-target-system-zlib=auto --enable-objc-gc=auto --enable-multiarch --disable-werror --with-arch-32=i686 --with-abi=m64 --with-multilib-list=m32,m64,mx32 --enable-multilib --with-tune=generic --enable-offload-targets=nvptx-none=/build/gcc-9-Av3uEd/gcc-9-9.4.0/debian/tmp-nvptx/usr,hsa --without-cuda-driver --enable-checking=release --build=x86_64-linux-gnu --host=x86_64-linux-gnu --target=x86_64-linux-gnu
Thread model: posix
gcc version 9.4.0 (Ubuntu 9.4.0-1ubuntu1~20.04.1) 
configure:5004: $? = 0
configure:4993: gcc -V >&5
gcc: error: unrecognized command line option '-V'
gcc: fatal error: no input files
compilation terminated.
configure:5004: $? = 1
configure:4993: gcc -qversion >&5
gcc: error: unrecognized command line option '-qversion'; did you mean '--version'?
gcc: fatal error: no input files
compilation terminated.
configure:5004: $? = 1
configure:5008: checking whether we are using the GNU C compiler
configure:5027: gcc -c   conftest.c >&5
configure:5027: $? = 0
configure:5036: result: yes
configure:5045: checking whether gcc accepts -g
configure:5065: gcc -c -g  conftest.c >&5
configure:5065: $? = 0
configure:5106: result: yes
configure:5123: checking for gcc option to accept ISO C89
configure:5186: gcc  -c -g -O2  conftest.c >&5
configure:5186: $? = 0
configure:5199: result: none needed
configure:5224: checking whether gcc understands -c and -o together
configure:5246: gcc -c conftest.c -o conftest2.o
configure:5249: $? = 0
configure:5246: gcc -c conftest.c -o conftest2.o
configure:5249: $? = 0
configure:5261: result: yes
configure:5280: checking dependency style of gcc
configure:5391: result: gcc3
configure:5410: checking for gcc option to accept ISO C99
configure:5559: gcc  -c -g -O2  conftest.c >&5
configure:5559: $? = 0
configure:5572: result: none needed
configure:5680: checking for gcc option to accept ISO Standard C
configure:5691: result: none needed
configure:5727: checking build system type
configure:5741: result: x86_64-pc-linux-gnu
configure:5761: checking host system type
configure:5774: result: x86_64-pc-linux-gnu
configure:5815: checking how to print strings
configure:5842: result: printf
configure:5863: checking for a sed that does not truncate output
configure:5927: result: /usr/bin/sed
configure:5945: checking for grep that handles long lines and -e
configure:6003: result: /usr/bin/grep
configure:6008: checking for egrep
configure:6070: result: /usr/bin/grep -E
configure:6075: checking for fgrep
configure:6137: result: /usr/bin/grep -F
configure:6172: checking for ld used by gcc
configure:6239: result: /usr/bin/ld
configure:6246: checking if the linker (/usr/bin/ld) is GNU ld
configure:6261: result: yes
configure:6273: checking for BSD- or MS-compatible name lister (nm)
configure:6327: result: /usr/bin/nm -B
configure:6457: checking the name lister (/usr/bin/nm -B) interface
configure:6464: gcc -c -g -O2  conftest.c >&5
configure:6467: /usr/bin/nm -B "conftest.o"
configure:6470: output
0000000000000000 B some_variable
configure:6471: result: BSD nm
configure:6474: checking whether ln -s works
configure:6478: result: yes
configure:6486: checking the maximum length of command line arguments
configure:6617: result: 1572864
configure:6665: checking how to convert x86_64-pc-linux-gnu file names to x86_64-pc-linux-gnu format
configure:6705: result: func_convert_file_noop
configure:6712: checking how to convert x86_64-pc-linux-gnu file names to toolchain format
configure:6732: result: func_convert_file_noop
configure:6739: checking for /usr/bin/ld option to reload object files
configure:6746: result: -r
configure:6820: checking for objdump
configure:6836: found /usr/bin/objdump
configure:6847: result: objdump
configure:6879: checking how to recognize dependent libraries
configure:7079: result: pass_all
configure:7164: checking for dlltool
configure:7194: result: no
configure:7224: checking how to associate runtime and link libraries
configure:7251: result: printf %s\n
configure:7312: checking for ar
configure:7328: found /usr/bin/ar
configure:7339: result: ar
configure:7376: checking for archiver @FILE support
configure:7393: gcc -c -g -O2  conftest.c >&5
configure:7393: $? = 0
configure:7396: ar cru libconftest.a @conftest.lst >&5
ar: `u' modifier ignored since `D' is the default (see `U')
configure:7399: $? = 0
configure:7404: ar cru libconftest.a @conftest.lst >&5
ar: `u' modifier ignored since `D' is the default (see `U')
ar: conftest.o: No such file or directory
configure:7407: $? = 1
configure:7406: result: @
configure:7464: checking for strip
configure:7480: found /usr/bin/strip
configure:7491: result: strip
configure:7563: checking for ranlib
configure:7579: found /usr/bin/ranlib
configure:7590: result: ranlib
configure:7692: checking command to parse /usr/bin/nm -B output from gcc object
configure:7845: gcc -c -g -O2  conftest.c >&5
configure:7848: $? = 0
configure:7852: /usr/bin/nm -B conftest.o \| sed -n -e 's/^.*[ ]\([ABCDGIRSTW][ABCDGIRSTW]*\)[ ][ ]*\([_A-Za-z][_A-Za-z0-9]*\)$/\1 \2 \2/p' | sed '/ __gnu_lto/d' \> conftest.nm
configure:7855: $? = 0
configure:7921: gcc -o conftest -g -O2  -L/home/yifan/Intel/bf-sde-9.6.0/install/lib conftest.c conftstm.o >&5
configure:7924: $? = 0
configure:7962: result: ok
configure:8009: checking for sysroot
configure:8039: result: no
configure:8046: checking for a working dd
configure:8084: result: /usr/bin/dd
configure:8088: checking how to truncate binary pipes
configure:8103: result: /usr/bin/dd bs=4096 count=1
configure:8239: gcc -c -g -O2  conftest.c >&5
configure:8242: $? = 0
configure:8432: checking for mt
configure:8448: found /usr/bin/mt
configure:8459: result: mt
configure:8482: checking if mt is a manifest tool
configure:8488: mt '-?'
configure:8496: result: no
configure:9173: checking how to run the C preprocessor
configure:9204: gcc -E  conftest.c
configure:9204: $? = 0
configure:9218: gcc -E  conftest.c
conftest.c:11:10: fatal error: ac_nonexistent.h: No such file or directory
   11 | #include <ac_nonexistent.h>
      |          ^~~~~~~~~~~~~~~~~~
compilation terminated.
configure:9218: $? = 1
configure: failed program was:
| /* confdefs.h */
| #define PACKAGE_NAME "p4-build"
| #define PACKAGE_TARNAME "p4-build"
| #define PACKAGE_VERSION "0.2"
| #define PACKAGE_STRING "p4-build 0.2"
| #define PACKAGE_BUGREPORT "ceteam@barefootnetworks.com"
| #define PACKAGE_URL ""
| #define PACKAGE "p4-build"
| #define VERSION "0.2"
| /* end confdefs.h.  */
| #include <ac_nonexistent.h>
configure:9243: result: gcc -E
configure:9263: gcc -E  conftest.c
configure:9263: $? = 0
configure:9277: gcc -E  conftest.c
conftest.c:11:10: fatal error: ac_nonexistent.h: No such file or directory
   11 | #include <ac_nonexistent.h>
      |          ^~~~~~~~~~~~~~~~~~
compilation terminated.
configure:9277: $? = 1
configure: failed program was:
| /* confdefs.h */
| #define PACKAGE_NAME "p4-build"
| #define PACKAGE_TARNAME "p4-build"
| #define PACKAGE_VERSION "0.2"
| #define PACKAGE_STRING "p4-build 0.2"
| #define PACKAGE_BUGREPORT "ceteam@barefootnetworks.com"
| #define PACKAGE_URL ""
| #define PACKAGE "p4-build"
| #define VERSION "0.2"
| /* end confdefs.h.  */
| #include <ac_nonexistent.h>
configure:9306: checking for ANSI C header files
configure:9326: gcc -c -g -O2  conftest.c >&5
configure:9326: $? = 0
configure:9399: gcc -o conftest -g -O2  -L/home/yifan/Intel/bf-sde-9.6.0/install/lib conftest.c  >&5
configure:9399: $? = 0
configure:9399: ./conftest
configure:9399: $? = 0
configure:9410: result: yes
configure:9423: checking for sys/types.h
configure:9423: gcc -c -g -O2  conftest.c >&5
configure:9423: $? = 0
configure:9423: result: yes
configure:9423: checking for sys/stat.h
configure:9423: gcc -c -g -O2  conftest.c >&5
configure:9423: $? = 0
configure:9423: result: yes
configure:9423: checking for stdlib.h
configure:9423: gcc -c -g -O2  conftest.c >&5
configure:9423: $? = 0
configure:9423: result: yes
configure:9423: checking for string.h
configure:9423: gcc -c -g -O2  conftest.c >&5
configure:9423: $? = 0
configure:9423: result: yes
configure:9423: checking for memory.h
configure:9423: gcc -c -g -O2  conftest.c >&5
configure:9423: $? = 0
configure:9423: result: yes
configure:9423: checking for strings.h
configure:9423: gcc -c -g -O2  conftest.c >&5
configure:9423: $? = 0
configure:9423: result: yes
configure:9423: checking for inttypes.h
configure:9423: gcc -c -g -O2  conftest.c >&5
configure:9423: $? = 0
configure:9423: result: yes
configure:9423: checking for stdint.h
configure:9423: gcc -c -g -O2  conftest.c >&5
configure:9423: $? = 0
configure:9423: result: yes
configure:9423: checking for unistd.h
configure:9423: gcc -c -g -O2  conftest.c >&5
configure:9423: $? = 0
configure:9423: result: yes
configure:9437: checking for dlfcn.h
configure:9437: gcc -c -g -O2  conftest.c >&5
configure:9437: $? = 0
configure:9437: result: yes
configure:9704: checking for objdir
configure:9719: result: .libs
configure:9983: checking if gcc supports -fno-rtti -fno-exceptions
configure:10001: gcc -c -g -O2  -fno-rtti -fno-exceptions conftest.c >&5
cc1: warning: command line option '-fno-rtti' is valid for C++/D/ObjC++ but not for C
configure:10005: $? = 0
configure:10018: result: no
configure:10376: checking for gcc option to produce PIC
configure:10383: result: -fPIC -DPIC
configure:10391: checking if gcc PIC flag -fPIC -DPIC works
configure:10409: gcc -c -g -O2  -fPIC -DPIC -DPIC conftest.c >&5
configure:10413: $? = 0
configure:10426: result: yes
configure:10455: checking if gcc static flag -static works
configure:10483: result: yes
configure:10498: checking if gcc supports -c -o file.o
configure:10519: gcc -c -g -O2  -o out/conftest2.o conftest.c >&5
configure:10523: $? = 0
configure:10545: result: yes
configure:10553: checking if gcc supports -c -o file.o
configure:10600: result: yes
configure:10633: checking whether the gcc linker (/usr/bin/ld -m elf_x86_64) supports shared libraries
configure:11896: result: yes
configure:11933: checking whether -lc should be explicitly linked in
configure:11941: gcc -c -g -O2  conftest.c >&5
configure:11944: $? = 0
configure:11959: gcc -shared  -fPIC -DPIC conftest.o  -v -Wl,-soname -Wl,conftest -o conftest 2\>\&1 \| /usr/bin/grep  -lc  \>/dev/null 2\>\&1
configure:11962: $? = 0
configure:11976: result: no
configure:12136: checking dynamic linker characteristics
configure:12717: gcc -o conftest -g -O2  -L/home/yifan/Intel/bf-sde-9.6.0/install/lib -Wl,-rpath -Wl,/foo conftest.c  >&5
configure:12717: $? = 0
configure:12966: result: GNU/Linux ld.so
configure:13088: checking how to hardcode library paths into programs
configure:13113: result: immediate
configure:13661: checking whether stripping libraries is possible
configure:13666: result: yes
configure:13701: checking if libtool supports shared libraries
configure:13703: result: yes
configure:13706: checking whether to build shared libraries
configure:13731: result: yes
configure:13734: checking whether to build static libraries
configure:13738: result: yes
configure:10537: checking how to run the C++ preprocessor
configure:10564: g++ -E  conftest.cpp
configure:10564: $? = 0
configure:10578: g++ -E  conftest.cpp
conftest.cpp:23:10: fatal error: ac_nonexistent.h: No such file or directory
   23 | #include <ac_nonexistent.h>
      |          ^~~~~~~~~~~~~~~~~~
compilation terminated.
configure:10578: $? = 1
configure: failed program was:
| /* confdefs.h */
| #define PACKAGE_NAME "p4-build"
| #define PACKAGE_TARNAME "p4-build"
| #define PACKAGE_VERSION "0.2"
| #define PACKAGE_STRING "p4-build 0.2"
| #define PACKAGE_BUGREPORT "ceteam@barefootnetworks.com"
| #define PACKAGE_URL ""
| #define PACKAGE "p4-build"
| #define VERSION "0.2"
| #define STDC_HEADERS 1
| #define HAVE_SYS_TYPES_H 1
| #define HAVE_SYS_STAT_H 1
| #define HAVE_STDLIB_H 1
| #define HAVE_STRING_H 1
| #define HAVE_MEMORY_H 1
| #define HAVE_STRINGS_H 1
| #define HAVE_INTTYPES_H 1
| #define HAVE_STDINT_H 1
| #define HAVE_UNISTD_H 1
| #define HAVE_DLFCN_H 1
| #define LT_OBJDIR ".libs/"
| /* end confdefs.h.  */
| #include <ac_nonexistent.h>
configure:10603: result: g++ -E
configure:10623: g++ -E  conftest.cpp
configure:10623: $? = 0
configure:10637: g++ -E  conftest.cpp
conftest.cpp:23:10: fatal error: ac_nonexistent.h: No such file or directory
   23 | #include <ac_nonexistent.h>
      |          ^~~~~~~~~~~~~~~~~~
compilation terminated.
configure:10637: $? = 1
configure: failed program was:
| /* confdefs.h */
| #define PACKAGE_NAME "p4-build"
| #define PACKAGE_TARNAME "p4-build"
| #define PACKAGE_VERSION "0.2"
| #define PACKAGE_STRING "p4-build 0.2"
| #define PACKAGE_BUGREPORT "ceteam@barefootnetworks.com"
| #define PACKAGE_URL ""
| #define PACKAGE "p4-build"
| #define VERSION "0.2"
| #define STDC_HEADERS 1
| #define HAVE_SYS_TYPES_H 1
| #define HAVE_SYS_STAT_H 1
| #define HAVE_STDLIB_H 1
| #define HAVE_STRING_H 1
| #define HAVE_MEMORY_H 1
| #define HAVE_STRINGS_H 1
| #define HAVE_INTTYPES_H 1
| #define HAVE_STDINT_H 1
| #define HAVE_UNISTD_H 1
| #define HAVE_DLFCN_H 1
| #define LT_OBJDIR ".libs/"
| /* end confdefs.h.  */
| #include <ac_nonexistent.h>
configure:10799: checking for ld used by g++
configure:10866: result: /usr/bin/ld -m elf_x86_64
configure:10873: checking if the linker (/usr/bin/ld -m elf_x86_64) is GNU ld
configure:10888: result: yes
configure:10943: checking whether the g++ linker (/usr/bin/ld -m elf_x86_64) supports shared libraries
configure:12016: result: yes
configure:12052: g++ -c -g  conftest.cpp >&5
configure:12055: $? = 0
configure:12536: checking for g++ option to produce PIC
configure:12543: result: -fPIC -DPIC
configure:12551: checking if g++ PIC flag -fPIC -DPIC works
configure:12569: g++ -c -g  -fPIC -DPIC -DPIC conftest.cpp >&5
configure:12573: $? = 0
configure:12586: result: yes
configure:12609: checking if g++ static flag -static works
configure:12637: result: yes
configure:12649: checking if g++ supports -c -o file.o
configure:12670: g++ -c -g  -o out/conftest2.o conftest.cpp >&5
configure:12674: $? = 0
configure:12696: result: yes
configure:12701: checking if g++ supports -c -o file.o
configure:12748: result: yes
configure:12778: checking whether the g++ linker (/usr/bin/ld -m elf_x86_64) supports shared libraries
configure:12821: result: yes
configure:12962: checking dynamic linker characteristics
configure:13719: result: GNU/Linux ld.so
configure:13784: checking how to hardcode library paths into programs
configure:13809: result: immediate
configure:12710: checking whether g++ supports C++11 features by default
configure:12736: g++ -c -g  conftest.cpp >&5
configure:12736: $? = 0
configure:12743: result: yes
configure:12846: checking algorithm usability
configure:12846: g++ -c -g  conftest.cpp >&5
configure:12846: $? = 0
configure:12846: result: yes
configure:12846: checking algorithm presence
configure:12846: g++ -E  conftest.cpp
configure:12846: $? = 0
configure:12846: result: yes
configure:12846: checking for algorithm
configure:12846: result: yes
configure:12846: checking array usability
configure:12846: g++ -c -g  conftest.cpp >&5
configure:12846: $? = 0
configure:12846: result: yes
configure:12846: checking array presence
configure:12846: g++ -E  conftest.cpp
configure:12846: $? = 0
configure:12846: result: yes
configure:12846: checking for array
configure:12846: result: yes
configure:12846: checking cassert usability
configure:12846: g++ -c -g  conftest.cpp >&5
configure:12846: $? = 0
configure:12846: result: yes
configure:12846: checking cassert presence
configure:12846: g++ -E  conftest.cpp
configure:12846: $? = 0
configure:12846: result: yes
configure:12846: checking for cassert
configure:12846: result: yes
configure:12846: checking cmath usability
configure:12846: g++ -c -g  conftest.cpp >&5
configure:12846: $? = 0
configure:12846: result: yes
configure:12846: checking cmath presence
configure:12846: g++ -E  conftest.cpp
configure:12846: $? = 0
configure:12846: result: yes
configure:12846: checking for cmath
configure:12846: result: yes
configure:12846: checking queue usability
configure:12846: g++ -c -g  conftest.cpp >&5
configure:12846: $? = 0
configure:12846: result: yes
configure:12846: checking queue presence
configure:12846: g++ -E  conftest.cpp
configure:12846: $? = 0
configure:12846: result: yes
configure:12846: checking for queue
configure:12846: result: yes
configure:12846: checking cstdio usability
configure:12846: g++ -c -g  conftest.cpp >&5
configure:12846: $? = 0
configure:12846: result: yes
configure:12846: checking cstdio presence
configure:12846: g++ -E  conftest.cpp
configure:12846: $? = 0
configure:12846: result: yes
configure:12846: checking for cstdio
configure:12846: result: yes
configure:12846: checking string usability
configure:12846: g++ -c -g  conftest.cpp >&5
configure:12846: $? = 0
configure:12846: result: yes
configure:12846: checking string presence
configure:12846: g++ -E  conftest.cpp
configure:12846: $? = 0
configure:12846: result: yes
configure:12846: checking for string
configure:12846: result: yes
configure:12846: checking for sys/stat.h
configure:12846: result: yes
configure:12846: checking for sys/types.h
configure:12846: result: yes
configure:12846: checking ctime usability
configure:12846: g++ -c -g  conftest.cpp >&5
configure:12846: $? = 0
configure:12846: result: yes
configure:12846: checking ctime presence
configure:12846: g++ -E  conftest.cpp
configure:12846: $? = 0
configure:12846: result: yes
configure:12846: checking for ctime
configure:12846: result: yes
configure:12846: checking tuple usability
configure:12846: g++ -c -g  conftest.cpp >&5
configure:12846: $? = 0
configure:12846: result: yes
configure:12846: checking tuple presence
configure:12846: g++ -E  conftest.cpp
configure:12846: $? = 0
configure:12846: result: yes
configure:12846: checking for tuple
configure:12846: result: yes
configure:12846: checking for unistd.h
configure:12846: result: yes
configure:12846: checking unordered_map usability
configure:12846: g++ -c -g  conftest.cpp >&5
configure:12846: $? = 0
configure:12846: result: yes
configure:12846: checking unordered_map presence
configure:12846: g++ -E  conftest.cpp
configure:12846: $? = 0
configure:12846: result: yes
configure:12846: checking for unordered_map
configure:12846: result: yes
configure:12846: checking utility usability
configure:12846: g++ -c -g  conftest.cpp >&5
configure:12846: $? = 0
configure:12846: result: yes
configure:12846: checking utility presence
configure:12846: g++ -E  conftest.cpp
configure:12846: $? = 0
configure:12846: result: yes
configure:12846: checking for utility
configure:12846: result: yes
configure:12846: checking vector usability
configure:12846: g++ -c -g  conftest.cpp >&5
configure:12846: $? = 0
configure:12846: result: yes
configure:12846: checking vector presence
configure:12846: g++ -E  conftest.cpp
configure:12846: $? = 0
configure:12846: result: yes
configure:12846: checking for vector
configure:12846: result: yes
configure:12991: checking thrift/stdcxx.h usability
configure:12991: g++ -c -g  conftest.cpp >&5
conftest.cpp:72:10: fatal error: thrift/stdcxx.h: No such file or directory
   72 | #include <thrift/stdcxx.h>
      |          ^~~~~~~~~~~~~~~~~
compilation terminated.
configure:12991: $? = 1
configure: failed program was:
| /* confdefs.h */
| #define PACKAGE_NAME "p4-build"
| #define PACKAGE_TARNAME "p4-build"
| #define PACKAGE_VERSION "0.2"
| #define PACKAGE_STRING "p4-build 0.2"
| #define PACKAGE_BUGREPORT "ceteam@barefootnetworks.com"
| #define PACKAGE_URL ""
| #define PACKAGE "p4-build"
| #define VERSION "0.2"
| #define STDC_HEADERS 1
| #define HAVE_SYS_TYPES_H 1
| #define HAVE_SYS_STAT_H 1
| #define HAVE_STDLIB_H 1
| #define HAVE_STRING_H 1
| #define HAVE_MEMORY_H 1
| #define HAVE_STRINGS_H 1
| #define HAVE_INTTYPES_H 1
| #define HAVE_STDINT_H 1
| #define HAVE_UNISTD_H 1
| #define HAVE_DLFCN_H 1
| #define LT_OBJDIR ".libs/"
| #define HAVE_CXX11 1
| #define HAVE_ALGORITHM 1
| #define HAVE_ARRAY 1
| #define HAVE_CASSERT 1
| #define HAVE_CMATH 1
| #define HAVE_QUEUE 1
| #define HAVE_CSTDIO 1
| #define HAVE_STRING 1
| #define HAVE_SYS_STAT_H 1
| #define HAVE_SYS_TYPES_H 1
| #define HAVE_CTIME 1
| #define HAVE_TUPLE 1
| #define HAVE_UNISTD_H 1
| #define HAVE_UNORDERED_MAP 1
| #define HAVE_UTILITY 1
| #define HAVE_VECTOR 1
| /* end confdefs.h.  */
| #include <stdio.h>
| #ifdef HAVE_SYS_TYPES_H
| # include <sys/types.h>
| #endif
| #ifdef HAVE_SYS_STAT_H
| # include <sys/stat.h>
| #endif
| #ifdef STDC_HEADERS
| # include <stdlib.h>
| # include <stddef.h>
| #else
| # ifdef HAVE_STDLIB_H
| #  include <stdlib.h>
| # endif
| #endif
| #ifdef HAVE_STRING_H
| # if !defined STDC_HEADERS && defined HAVE_MEMORY_H
| #  include <memory.h>
| # endif
| # include <string.h>
| #endif
| #ifdef HAVE_STRINGS_H
| # include <strings.h>
| #endif
| #ifdef HAVE_INTTYPES_H
| # include <inttypes.h>
| #endif
| #ifdef HAVE_STDINT_H
| # include <stdint.h>
| #endif
| #ifdef HAVE_UNISTD_H
| # include <unistd.h>
| #endif
| #include <thrift/stdcxx.h>
configure:12991: result: no
configure:12991: checking thrift/stdcxx.h presence
configure:12991: g++ -E  conftest.cpp
conftest.cpp:39:10: fatal error: thrift/stdcxx.h: No such file or directory
   39 | #include <thrift/stdcxx.h>
      |          ^~~~~~~~~~~~~~~~~
compilation terminated.
configure:12991: $? = 1
configure: failed program was:
| /* confdefs.h */
| #define PACKAGE_NAME "p4-build"
| #define PACKAGE_TARNAME "p4-build"
| #define PACKAGE_VERSION "0.2"
| #define PACKAGE_STRING "p4-build 0.2"
| #define PACKAGE_BUGREPORT "ceteam@barefootnetworks.com"
| #define PACKAGE_URL ""
| #define PACKAGE "p4-build"
| #define VERSION "0.2"
| #define STDC_HEADERS 1
| #define HAVE_SYS_TYPES_H 1
| #define HAVE_SYS_STAT_H 1
| #define HAVE_STDLIB_H 1
| #define HAVE_STRING_H 1
| #define HAVE_MEMORY_H 1
| #define HAVE_STRINGS_H 1
| #define HAVE_INTTYPES_H 1
| #define HAVE_STDINT_H 1
| #define HAVE_UNISTD_H 1
| #define HAVE_DLFCN_H 1
| #define LT_OBJDIR ".libs/"
| #define HAVE_CXX11 1
| #define HAVE_ALGORITHM 1
| #define HAVE_ARRAY 1
| #define HAVE_CASSERT 1
| #define HAVE_CMATH 1
| #define HAVE_QUEUE 1
| #define HAVE_CSTDIO 1
| #define HAVE_STRING 1
| #define HAVE_SYS_STAT_H 1
| #define HAVE_SYS_TYPES_H 1
| #define HAVE_CTIME 1
| #define HAVE_TUPLE 1
| #define HAVE_UNISTD_H 1
| #define HAVE_UNORDERED_MAP 1
| #define HAVE_UTILITY 1
| #define HAVE_VECTOR 1
| /* end confdefs.h.  */
| #include <thrift/stdcxx.h>
configure:12991: result: no
configure:12991: checking for thrift/stdcxx.h
configure:12991: result: no
configure:13142: checking for /home/yifan/Intel/bf-sde-9.6.0/install/bin/bf-p4c
configure:13172: result: /home/yifan/Intel/bf-sde-9.6.0/install/bin/bf-p4c
configure:13208: "Found compiler /home/yifan/Intel/bf-sde-9.6.0/install/bin/bf-p4c version  9.6.0 (SHA: f6d0a70)"
configure:13222: checking for p4c-manifest-config
configure:13240: found /home/yifan/Intel/bf-sde-9.6.0/install/bin/p4c-manifest-config
configure:13252: result: /home/yifan/Intel/bf-sde-9.6.0/install/bin/p4c-manifest-config
configure:13265: checking for p4c-gen-bfrt-conf
configure:13283: found /home/yifan/Intel/bf-sde-9.6.0/install/bin/p4c-gen-bfrt-conf
configure:13295: result: /home/yifan/Intel/bf-sde-9.6.0/install/bin/p4c-gen-bfrt-conf
configure:13311: checking for generate_tofino_pd
configure:13329: found /home/yifan/Intel/bf-sde-9.6.0/install/bin/generate_tofino_pd
configure:13341: result: /home/yifan/Intel/bf-sde-9.6.0/install/bin/generate_tofino_pd
configure:13355: checking for gencli
configure:13373: found /home/yifan/Intel/bf-sde-9.6.0/install/bin/gencli
configure:13385: result: /home/yifan/Intel/bf-sde-9.6.0/install/bin/gencli
configure:13400: checking tofino/pdfixed/pd_common.h usability
configure:13400: g++ -c -g  -I/home/yifan/Intel/bf-sde-9.6.0/install/include conftest.cpp >&5
configure:13400: $? = 0
configure:13400: result: yes
configure:13400: checking tofino/pdfixed/pd_common.h presence
configure:13400: g++ -E  -I/home/yifan/Intel/bf-sde-9.6.0/install/include conftest.cpp
configure:13400: $? = 0
configure:13400: result: yes
configure:13400: checking for tofino/pdfixed/pd_common.h
configure:13400: result: yes
configure:13675: checking for size_t
configure:13675: g++ -c -g  conftest.cpp >&5
configure:13675: $? = 0
configure:13675: g++ -c -g  conftest.cpp >&5
conftest.cpp: In function 'int main()':
conftest.cpp:75:20: error: expected primary-expression before ')' token
   75 | if (sizeof ((size_t)))
      |                    ^
configure:13675: $? = 1
configure: failed program was:
| /* confdefs.h */
| #define PACKAGE_NAME "p4-build"
| #define PACKAGE_TARNAME "p4-build"
| #define PACKAGE_VERSION "0.2"
| #define PACKAGE_STRING "p4-build 0.2"
| #define PACKAGE_BUGREPORT "ceteam@barefootnetworks.com"
| #define PACKAGE_URL ""
| #define PACKAGE "p4-build"
| #define VERSION "0.2"
| #define STDC_HEADERS 1
| #define HAVE_SYS_TYPES_H 1
| #define HAVE_SYS_STAT_H 1
| #define HAVE_STDLIB_H 1
| #define HAVE_STRING_H 1
| #define HAVE_MEMORY_H 1
| #define HAVE_STRINGS_H 1
| #define HAVE_INTTYPES_H 1
| #define HAVE_STDINT_H 1
| #define HAVE_UNISTD_H 1
| #define HAVE_DLFCN_H 1
| #define LT_OBJDIR ".libs/"
| #define HAVE_CXX11 1
| #define HAVE_ALGORITHM 1
| #define HAVE_ARRAY 1
| #define HAVE_CASSERT 1
| #define HAVE_CMATH 1
| #define HAVE_QUEUE 1
| #define HAVE_CSTDIO 1
| #define HAVE_STRING 1
| #define HAVE_SYS_STAT_H 1
| #define HAVE_SYS_TYPES_H 1
| #define HAVE_CTIME 1
| #define HAVE_TUPLE 1
| #define HAVE_UNISTD_H 1
| #define HAVE_UNORDERED_MAP 1
| #define HAVE_UTILITY 1
| #define HAVE_VECTOR 1
| /* end confdefs.h.  */
| #include <stdio.h>
| #ifdef HAVE_SYS_TYPES_H
| # include <sys/types.h>
| #endif
| #ifdef HAVE_SYS_STAT_H
| # include <sys/stat.h>
| #endif
| #ifdef STDC_HEADERS
| # include <stdlib.h>
| # include <stddef.h>
| #else
| # ifdef HAVE_STDLIB_H
| #  include <stdlib.h>
| # endif
| #endif
| #ifdef HAVE_STRING_H
| # if !defined STDC_HEADERS && defined HAVE_MEMORY_H
| #  include <memory.h>
| # endif
| # include <string.h>
| #endif
| #ifdef HAVE_STRINGS_H
| # include <strings.h>
| #endif
| #ifdef HAVE_INTTYPES_H
| # include <inttypes.h>
| #endif
| #ifdef HAVE_STDINT_H
| # include <stdint.h>
| #endif
| #ifdef HAVE_UNISTD_H
| # include <unistd.h>
| #endif
| int
| main ()
| {
| if (sizeof ((size_t)))
| 	    return 0;
|   ;
|   return 0;
| }
configure:13675: result: yes
configure:13686: checking for uint64_t
configure:13686: g++ -c -g  conftest.cpp >&5
configure:13686: $? = 0
configure:13686: result: yes
configure:13707: checking for a sed that does not truncate output
configure:13771: result: /usr/bin/sed
configure:13792: checking whether ln -s works
configure:13796: result: yes
configure:13927: checking that generated files are newer than configure
configure:13933: result: done
configure:14004: creating ./config.status

## ---------------------- ##
## Running config.status. ##
## ---------------------- ##

This file was extended by p4-build config.status 0.2, which was
generated by GNU Autoconf 2.69.  Invocation command line was

  CONFIG_FILES    = 
  CONFIG_HEADERS  = 
  CONFIG_LINKS    = 
  CONFIG_COMMANDS = 
  $ ./config.status 

on ubuntutemplate2004

config.status:1223: creating Makefile
config.status:1223: creating tofino/Makefile
config.status:1223: creating tofino2/Makefile
config.status:1223: creating tofino3/Makefile
config.status:1223: creating tools/produce_deps.py
config.status:1223: creating tools/produce_deps_tofino.sh
config.status:1223: creating tools/manifest-config
config.status:1223: creating config.h
config.status:1389: config.h is unchanged
config.status:1437: executing depfiles commands
config.status:1437: executing libtool commands

## ---------------- ##
## Cache variables. ##
## ---------------- ##

ac_cv_build=x86_64-pc-linux-gnu
ac_cv_c_compiler_gnu=yes
ac_cv_c_uint64_t=yes
ac_cv_cxx_compiler_gnu=yes
ac_cv_env_CCC_set=
ac_cv_env_CCC_value=
ac_cv_env_CC_set=
ac_cv_env_CC_value=
ac_cv_env_CFLAGS_set=
ac_cv_env_CFLAGS_value=
ac_cv_env_CPPFLAGS_set=
ac_cv_env_CPPFLAGS_value=
ac_cv_env_CPP_set=
ac_cv_env_CPP_value=
ac_cv_env_CXXCPP_set=
ac_cv_env_CXXCPP_value=
ac_cv_env_CXXFLAGS_set=
ac_cv_env_CXXFLAGS_value=
ac_cv_env_CXX_set=
ac_cv_env_CXX_value=
ac_cv_env_LDFLAGS_set=set
ac_cv_env_LDFLAGS_value=-L/home/yifan/Intel/bf-sde-9.6.0/install/lib
ac_cv_env_LIBS_set=
ac_cv_env_LIBS_value=
ac_cv_env_LT_SYS_LIBRARY_PATH_set=
ac_cv_env_LT_SYS_LIBRARY_PATH_value=
ac_cv_env_P4C_set=
ac_cv_env_P4C_value=
ac_cv_env_P4FLAGS_set=set
ac_cv_env_P4FLAGS_value=
ac_cv_env_P4JOBS_set=
ac_cv_env_P4JOBS_value=
ac_cv_env_P4PPFLAGS_set=set
ac_cv_env_P4PPFLAGS_value=
ac_cv_env_P4_ARCHITECTURE_set=set
ac_cv_env_P4_ARCHITECTURE_value=tna
ac_cv_env_P4_BUILD_ASSUME_PDFIXED_set=
ac_cv_env_P4_BUILD_ASSUME_PDFIXED_value=
ac_cv_env_P4_NAME_set=set
ac_cv_env_P4_NAME_value=tna_nbnswitch
ac_cv_env_P4_PATH_set=set
ac_cv_env_P4_PATH_value=/home/yifan/Intel/P4_NECK/tna_nbnswitch/tna_nbnswitch.p4
ac_cv_env_P4_PREFIX_set=
ac_cv_env_P4_PREFIX_value=
ac_cv_env_P4_TARGET_set=
ac_cv_env_P4_TARGET_value=
ac_cv_env_P4_VERSION_set=set
ac_cv_env_P4_VERSION_value=p4-16
ac_cv_env_PDFLAGS_set=
ac_cv_env_PDFLAGS_value=
ac_cv_env_PYTHON_set=
ac_cv_env_PYTHON_value=
ac_cv_env_build_alias_set=
ac_cv_env_build_alias_value=
ac_cv_env_host_alias_set=
ac_cv_env_host_alias_value=
ac_cv_env_target_alias_set=
ac_cv_env_target_alias_value=
ac_cv_header_algorithm=yes
ac_cv_header_array=yes
ac_cv_header_cassert=yes
ac_cv_header_cmath=yes
ac_cv_header_cstdio=yes
ac_cv_header_ctime=yes
ac_cv_header_dlfcn_h=yes
ac_cv_header_inttypes_h=yes
ac_cv_header_memory_h=yes
ac_cv_header_queue=yes
ac_cv_header_stdc=yes
ac_cv_header_stdint_h=yes
ac_cv_header_stdlib_h=yes
ac_cv_header_string=yes
ac_cv_header_string_h=yes
ac_cv_header_strings_h=yes
ac_cv_header_sys_stat_h=yes
ac_cv_header_sys_types_h=yes
ac_cv_header_thrift_stdcxx_h=no
ac_cv_header_tofino_pdfixed_pd_common_h=yes
ac_cv_header_tuple=yes
ac_cv_header_unistd_h=yes
ac_cv_header_unordered_map=yes
ac_cv_header_utility=yes
ac_cv_header_vector=yes
ac_cv_host=x86_64-pc-linux-gnu
ac_cv_objext=o
ac_cv_path_EGREP='/usr/bin/grep -E'
ac_cv_path_FGREP='/usr/bin/grep -F'
ac_cv_path_GEN_BFRT_CONF=/home/yifan/Intel/bf-sde-9.6.0/install/bin/p4c-gen-bfrt-conf
ac_cv_path_GREP=/usr/bin/grep
ac_cv_path_MANIFEST_CONFIG=/home/yifan/Intel/bf-sde-9.6.0/install/bin/p4c-manifest-config
ac_cv_path_P4C=/home/yifan/Intel/bf-sde-9.6.0/install/bin/bf-p4c
ac_cv_path_PDCLI=/home/yifan/Intel/bf-sde-9.6.0/install/bin/gencli
ac_cv_path_PDGEN=/home/yifan/Intel/bf-sde-9.6.0/install/bin/generate_tofino_pd
ac_cv_path_PYTHON=/usr/bin/python
ac_cv_path_SED=/usr/bin/sed
ac_cv_path_install='/usr/bin/install -c'
ac_cv_path_lt_DD=/usr/bin/dd
ac_cv_path_mkdir=/usr/bin/mkdir
ac_cv_prog_AWK=gawk
ac_cv_prog_CPP='gcc -E'
ac_cv_prog_CXXCPP='g++ -E'
ac_cv_prog_ac_ct_AR=ar
ac_cv_prog_ac_ct_CC=gcc
ac_cv_prog_ac_ct_CXX=g++
ac_cv_prog_ac_ct_MANIFEST_TOOL=mt
ac_cv_prog_ac_ct_OBJDUMP=objdump
ac_cv_prog_ac_ct_RANLIB=ranlib
ac_cv_prog_ac_ct_STRIP=strip
ac_cv_prog_cc_c89=
ac_cv_prog_cc_c99=
ac_cv_prog_cc_g=yes
ac_cv_prog_cc_stdc=
ac_cv_prog_cxx_g=yes
ac_cv_prog_make_make_set=yes
ac_cv_type_size_t=yes
am_cv_CC_dependencies_compiler_type=gcc3
am_cv_CXX_dependencies_compiler_type=gcc3
am_cv_make_support_nested_variables=yes
am_cv_pathless_PYTHON=python
am_cv_prog_cc_c_o=yes
am_cv_python_platform=linux
am_cv_python_pyexecdir='${exec_prefix}/lib/python3.8/site-packages'
am_cv_python_pythondir='${prefix}/lib/python3.8/site-packages'
am_cv_python_version=3.8
ax_cv_cxx_compile_cxx11=yes
lt_cv_ar_at_file=@
lt_cv_archive_cmds_need_lc=no
lt_cv_deplibs_check_method=pass_all
lt_cv_file_magic_cmd='$MAGIC_CMD'
lt_cv_file_magic_test_file=
lt_cv_ld_reload_flag=-r
lt_cv_nm_interface='BSD nm'
lt_cv_objdir=.libs
lt_cv_path_LD=/usr/bin/ld
lt_cv_path_LDCXX='/usr/bin/ld -m elf_x86_64'
lt_cv_path_NM='/usr/bin/nm -B'
lt_cv_path_mainfest_tool=no
lt_cv_prog_compiler_c_o=yes
lt_cv_prog_compiler_c_o_CXX=yes
lt_cv_prog_compiler_pic='-fPIC -DPIC'
lt_cv_prog_compiler_pic_CXX='-fPIC -DPIC'
lt_cv_prog_compiler_pic_works=yes
lt_cv_prog_compiler_pic_works_CXX=yes
lt_cv_prog_compiler_rtti_exceptions=no
lt_cv_prog_compiler_static_works=yes
lt_cv_prog_compiler_static_works_CXX=yes
lt_cv_prog_gnu_ld=yes
lt_cv_prog_gnu_ldcxx=yes
lt_cv_sharedlib_from_linklib_cmd='printf %s\n'
lt_cv_shlibpath_overrides_runpath=yes
lt_cv_sys_global_symbol_pipe='sed -n -e '\''s/^.*[	 ]\([ABCDGIRSTW][ABCDGIRSTW]*\)[	 ][	 ]*\([_A-Za-z][_A-Za-z0-9]*\)$/\1 \2 \2/p'\'' | sed '\''/ __gnu_lto/d'\'''
lt_cv_sys_global_symbol_to_c_name_address='sed -n -e '\''s/^: \(.*\) .*$/  {"\1", (void *) 0},/p'\'' -e '\''s/^[ABCDGIRSTW][ABCDGIRSTW]* .* \(.*\)$/  {"\1", (void *) \&\1},/p'\'''
lt_cv_sys_global_symbol_to_c_name_address_lib_prefix='sed -n -e '\''s/^: \(.*\) .*$/  {"\1", (void *) 0},/p'\'' -e '\''s/^[ABCDGIRSTW][ABCDGIRSTW]* .* \(lib.*\)$/  {"\1", (void *) \&\1},/p'\'' -e '\''s/^[ABCDGIRSTW][ABCDGIRSTW]* .* \(.*\)$/  {"lib\1", (void *) \&\1},/p'\'''
lt_cv_sys_global_symbol_to_cdecl='sed -n -e '\''s/^T .* \(.*\)$/extern int \1();/p'\'' -e '\''s/^[ABCDGIRSTW][ABCDGIRSTW]* .* \(.*\)$/extern char \1;/p'\'''
lt_cv_sys_global_symbol_to_import=
lt_cv_sys_max_cmd_len=1572864
lt_cv_to_host_file_cmd=func_convert_file_noop
lt_cv_to_tool_file_cmd=func_convert_file_noop
lt_cv_truncate_bin='/usr/bin/dd bs=4096 count=1'

## ----------------- ##
## Output variables. ##
## ----------------- ##

ACLOCAL='${SHELL} /home/yifan/Intel/bf-sde-9.6.0/pkgsrc/p4-build/missing aclocal-1.15'
AMDEPBACKSLASH='\'
AMDEP_FALSE='#'
AMDEP_TRUE=''
AMTAR='$${TAR-tar}'
AM_BACKSLASH='\'
AM_CFLAGS=''
AM_CXXFLAGS=''
AM_DEFAULT_V='$(AM_DEFAULT_VERBOSITY)'
AM_DEFAULT_VERBOSITY='1'
AM_LDFLAGS='-L/home/yifan/Intel/bf-sde-9.6.0/install/lib'
AM_P4PPFLAGS=''
AM_V='$(V)'
AR='ar'
AUTOCONF='${SHELL} /home/yifan/Intel/bf-sde-9.6.0/pkgsrc/p4-build/missing autoconf'
AUTOHEADER='${SHELL} /home/yifan/Intel/bf-sde-9.6.0/pkgsrc/p4-build/missing autoheader'
AUTOMAKE='${SHELL} /home/yifan/Intel/bf-sde-9.6.0/pkgsrc/p4-build/missing automake-1.15'
AWK='gawk'
CC='gcc'
CCDEPMODE='depmode=gcc3'
CFLAGS='-g -O2'
COND_PLUGIN_OPENFLOW_FALSE=''
COND_PLUGIN_OPENFLOW_TRUE='#'
CPP='gcc -E'
CPPFLAGS=''
CXX='g++'
CXXCPP='g++ -E'
CXXDEPMODE='depmode=gcc3'
CXXFLAGS='-g'
CYGPATH_W='echo'
DEFS='-DHAVE_CONFIG_H'
DEPDIR='.deps'
DLLTOOL='false'
DSYMUTIL=''
DUMPBIN=''
ECHO_C=''
ECHO_N='-n'
ECHO_T=''
EGREP='/usr/bin/grep -E'
EXEEXT=''
FGREP='/usr/bin/grep -F'
FULL_INC_DIR='${prefix}/include'
GEN_BFRT_CONF='/home/yifan/Intel/bf-sde-9.6.0/install/bin/p4c-gen-bfrt-conf'
GREP='/usr/bin/grep'
HAVE_CXX11='1'
INSTALL_DATA='${INSTALL} -m 644'
INSTALL_PROGRAM='${INSTALL}'
INSTALL_SCRIPT='${INSTALL}'
INSTALL_STRIP_PROGRAM='$(install_sh) -c -s'
IS_BF_RUNTIME_ENABLED_FALSE='#'
IS_BF_RUNTIME_ENABLED_TRUE=''
IS_P4_RUNTIME_ENABLED_FALSE=''
IS_P4_RUNTIME_ENABLED_TRUE='#'
IS_PD_ENABLED_FALSE=''
IS_PD_ENABLED_TRUE='#'
IS_THRIFT_ENABLED_FALSE=''
IS_THRIFT_ENABLED_TRUE='#'
LD='/usr/bin/ld -m elf_x86_64'
LDFLAGS='-L/home/yifan/Intel/bf-sde-9.6.0/install/lib'
LIBOBJS=''
LIBS=''
LIBTOOL='$(SHELL) $(top_builddir)/libtool'
LIPO=''
LN_S='ln -s'
LTLIBOBJS=''
LT_SYS_LIBRARY_PATH=''
MAKEINFO='${SHELL} /home/yifan/Intel/bf-sde-9.6.0/pkgsrc/p4-build/missing makeinfo'
MANIFEST_CONFIG='/home/yifan/Intel/bf-sde-9.6.0/install/bin/p4c-manifest-config'
MANIFEST_TOOL=':'
MKDIR_P='/usr/bin/mkdir -p'
MY_PYTHONPATH='/home/yifan/Intel/bf-sde-9.6.0/install/lib/python3.8/site-packages'
NM='/usr/bin/nm -B'
NMEDIT=''
OBJDUMP='objdump'
OBJEXT='o'
OTOOL64=''
OTOOL=''
P4C='/home/yifan/Intel/bf-sde-9.6.0/install/bin/bf-p4c'
P4C_VERSION=' 9.6.0 (SHA: f6d0a70)'
P4C_VERSION_MAJOR='9'
P4FLAGS=''
P4JOBS='4'
P4PPFLAGS=''
P4_ARCHITECTURE='tna'
P4_BUILD_ASSUME_PDFIXED=''
P4_NAME='tna_nbnswitch'
P4_PATH='/home/yifan/Intel/P4_NECK/tna_nbnswitch/tna_nbnswitch.p4'
P4_PREFIX='tna_nbnswitch'
P4_TARGET='tofino'
P4_VERSION='p4-16'
PACKAGE='p4-build'
PACKAGE_BUGREPORT='ceteam@barefootnetworks.com'
PACKAGE_NAME='p4-build'
PACKAGE_STRING='p4-build 0.2'
PACKAGE_TARNAME='p4-build'
PACKAGE_URL=''
PACKAGE_VERSION='0.2'
PATH_SEPARATOR=':'
PDCLI='/home/yifan/Intel/bf-sde-9.6.0/install/bin/gencli'
PDFLAGS=''
PDGEN='/home/yifan/Intel/bf-sde-9.6.0/install/bin/generate_tofino_pd'
PYTHON='/usr/bin/python'
PYTHON_EXEC_PREFIX='${exec_prefix}'
PYTHON_PLATFORM='linux'
PYTHON_PREFIX='${prefix}'
PYTHON_VERSION='3.8'
RANLIB='ranlib'
SED='/usr/bin/sed'
SET_MAKE=''
SHELL='/bin/bash'
STRIP='strip'
THRIFT=''
THRIFT_LIB=''
VERSION='0.2'
WITH_P4C_DEFAULT_FALSE='#'
WITH_P4C_DEFAULT_TRUE=''
WITH_P4C_LEGACY_FALSE=''
WITH_P4C_LEGACY_TRUE='#'
WITH_P4_14_FALSE=''
WITH_P4_14_TRUE='#'
WITH_TOFINO2_FALSE=''
WITH_TOFINO2_TRUE='#'
WITH_TOFINO3_FALSE=''
WITH_TOFINO3_TRUE='#'
WITH_TOFINO_FALSE='#'
WITH_TOFINO_TRUE=''
ac_ct_AR='ar'
ac_ct_CC='gcc'
ac_ct_CXX='g++'
ac_ct_DUMPBIN=''
am__EXEEXT_FALSE=''
am__EXEEXT_TRUE='#'
am__fastdepCC_FALSE='#'
am__fastdepCC_TRUE=''
am__fastdepCXX_FALSE='#'
am__fastdepCXX_TRUE=''
am__include='include'
am__isrc=' -I$(srcdir)'
am__leading_dot='.'
am__nodep='_no'
am__quote=''
am__tar='$${TAR-tar} chof - "$$tardir"'
am__untar='$${TAR-tar} xf -'
bindir='/home/yifan/Intel/bf-sde-9.6.0/install/bin'
build='x86_64-pc-linux-gnu'
build_alias=''
build_cpu='x86_64'
build_os='linux-gnu'
build_vendor='pc'
datadir='${datarootdir}'
datarootdir='${prefix}/share'
docdir='${datarootdir}/doc/${PACKAGE_TARNAME}'
dvidir='${docdir}'
exec_prefix='${prefix}'
host='x86_64-pc-linux-gnu'
host_alias=''
host_cpu='x86_64'
host_os='linux-gnu'
host_vendor='pc'
htmldir='${docdir}'
includedir='${prefix}/include'
infodir='${datarootdir}/info'
install_sh='${SHELL} /home/yifan/Intel/bf-sde-9.6.0/pkgsrc/p4-build/install-sh'
libdir='${exec_prefix}/lib'
libexecdir='${exec_prefix}/libexec'
localedir='${datarootdir}/locale'
localstatedir='${prefix}/var'
mandir='${datarootdir}/man'
mkdir_p='$(MKDIR_P)'
oldincludedir='/usr/include'
pdfdir='${docdir}'
pkgpyexecdir='${pyexecdir}/p4-build'
pkgpythondir='${pythondir}/p4-build'
prefix='/home/yifan/Intel/bf-sde-9.6.0/install'
program_transform_name='s,x,x,'
psdir='${docdir}'
pyexecdir='${exec_prefix}/lib/python3.8/site-packages'
pythondir='${prefix}/lib/python3.8/site-packages'
runstatedir='${localstatedir}/run'
sbindir='${exec_prefix}/sbin'
sharedstatedir='${prefix}/com'
sysconfdir='${prefix}/etc'
target_alias=''

## ----------- ##
## confdefs.h. ##
## ----------- ##

/* confdefs.h */
#define PACKAGE_NAME "p4-build"
#define PACKAGE_TARNAME "p4-build"
#define PACKAGE_VERSION "0.2"
#define PACKAGE_STRING "p4-build 0.2"
#define PACKAGE_BUGREPORT "ceteam@barefootnetworks.com"
#define PACKAGE_URL ""
#define PACKAGE "p4-build"
#define VERSION "0.2"
#define STDC_HEADERS 1
#define HAVE_SYS_TYPES_H 1
#define HAVE_SYS_STAT_H 1
#define HAVE_STDLIB_H 1
#define HAVE_STRING_H 1
#define HAVE_MEMORY_H 1
#define HAVE_STRINGS_H 1
#define HAVE_INTTYPES_H 1
#define HAVE_STDINT_H 1
#define HAVE_UNISTD_H 1
#define HAVE_DLFCN_H 1
#define LT_OBJDIR ".libs/"
#define HAVE_CXX11 1
#define HAVE_ALGORITHM 1
#define HAVE_ARRAY 1
#define HAVE_CASSERT 1
#define HAVE_CMATH 1
#define HAVE_QUEUE 1
#define HAVE_CSTDIO 1
#define HAVE_STRING 1
#define HAVE_SYS_STAT_H 1
#define HAVE_SYS_TYPES_H 1
#define HAVE_CTIME 1
#define HAVE_TUPLE 1
#define HAVE_UNISTD_H 1
#define HAVE_UNORDERED_MAP 1
#define HAVE_UTILITY 1
#define HAVE_VECTOR 1

configure: exit 0
