+---------------------------------------------------------------------+
|  Log file: mau.resources.log                                        |
|  Compiler version: 9.6.0                                            |
|  Created on: Mon May 29 15:51:25 2023                               |
|  Run ID: b280d292747592ee                                           |
+---------------------------------------------------------------------+


---------------------------------------------------------------------------------------------------------------------------------------------------------------------------------------------------------------------------------------------------------------------------------------------------------------------------------------------------------------
| Stage Number | Exact Match Input xbar | Ternary Match Input xbar | Hash Bit | Hash Dist Unit | Gateway | SRAM | Map RAM | TCAM | VLIW Instr | Meter ALU | Stats ALU | Stash | Exact Match Search Bus | Exact Match Result Bus | Tind Result Bus | Action Data Bus Bytes | 8-bit Action Slots | 16-bit Action Slots | 32-bit Action Slots | Logical TableID |
---------------------------------------------------------------------------------------------------------------------------------------------------------------------------------------------------------------------------------------------------------------------------------------------------------------------------------------------------------------
|      0       |           2            |            0             |    30    |       0        |    0    |  7   |    4    |  0   |     3      |     0     |     2     |   3   |           3            |           3            |        1        |           1           |         0          |          0          |          0          |        4        |
|      1       |           10           |            8             |    40    |       0        |    5    |  7   |    0    |  3   |     4      |     0     |     0     |   1   |           5            |           1            |        5        |           4           |         0          |          0          |          0          |        9        |
|      2       |           3            |            4             |    10    |       0        |    1    |  6   |    0    |  3   |     3      |     0     |     0     |   1   |           1            |           1            |        4        |           16          |         0          |          0          |          0          |        5        |
|      3       |           2            |            0             |    20    |       0        |    0    |  6   |    4    |  0   |     2      |     0     |     2     |   2   |           2            |           2            |        0        |           0           |         0          |          0          |          0          |        2        |
|      4       |           0            |            0             |    0     |       0        |    0    |  0   |    0    |  0   |     0      |     0     |     0     |   0   |           0            |           0            |        0        |           0           |         0          |          0          |          0          |        0        |
|      5       |           0            |            0             |    0     |       0        |    0    |  0   |    0    |  0   |     0      |     0     |     0     |   0   |           0            |           0            |        0        |           0           |         0          |          0          |          0          |        0        |
|      6       |           0            |            0             |    0     |       0        |    0    |  0   |    0    |  0   |     0      |     0     |     0     |   0   |           0            |           0            |        0        |           0           |         0          |          0          |          0          |        0        |
|      7       |           0            |            0             |    0     |       0        |    0    |  0   |    0    |  0   |     0      |     0     |     0     |   0   |           0            |           0            |        0        |           0           |         0          |          0          |          0          |        0        |
|      8       |           0            |            0             |    0     |       0        |    0    |  0   |    0    |  0   |     0      |     0     |     0     |   0   |           0            |           0            |        0        |           0           |         0          |          0          |          0          |        0        |
|      9       |           0            |            0             |    0     |       0        |    0    |  0   |    0    |  0   |     0      |     0     |     0     |   0   |           0            |           0            |        0        |           0           |         0          |          0          |          0          |        0        |
|      10      |           0            |            0             |    0     |       0        |    0    |  0   |    0    |  0   |     0      |     0     |     0     |   0   |           0            |           0            |        0        |           0           |         0          |          0          |          0          |        0        |
|      11      |           0            |            0             |    0     |       0        |    0    |  0   |    0    |  0   |     0      |     0     |     0     |   0   |           0            |           0            |        0        |           0           |         0          |          0          |          0          |        0        |
|              |                        |                          |          |                |         |      |         |      |            |           |           |       |                        |                        |                 |                       |                    |                     |                     |                 |
|    Totals    |           17           |            12            |   100    |       0        |    6    |  26  |    8    |  6   |     12     |     0     |     4     |   7   |           11           |           7            |        10       |           21          |         0          |          0          |          0          |        20       |
---------------------------------------------------------------------------------------------------------------------------------------------------------------------------------------------------------------------------------------------------------------------------------------------------------------------------------------------------------------


-------------------------------------------------------------------------------------------------------------------------------------------------------------------------------------------------------------------------------------------------------------------------------------------------------------------------------------------------------------------
| Stage Number | Exact Match Input xbar | Ternary Match Input xbar | Hash Bit | Hash Dist Unit | Gateway |  SRAM | Map RAM |  TCAM  | VLIW Instr | Meter ALU | Stats ALU | Stash  | Exact Match Search Bus | Exact Match Result Bus | Tind Result Bus | Action Data Bus Bytes | 8-bit Action Slots | 16-bit Action Slots | 32-bit Action Slots | Logical TableID |
-------------------------------------------------------------------------------------------------------------------------------------------------------------------------------------------------------------------------------------------------------------------------------------------------------------------------------------------------------------------
|      0       |         1.56%          |          0.00%           |  7.21%   |     0.00%      |  0.00%  | 8.75% |  8.33%  | 0.00%  |   9.38%    |   0.00%   |   50.00%  | 18.75% |         18.75%         |         18.75%         |      6.25%      |         0.78%         |       0.00%        |        0.00%        |        0.00%        |      25.00%     |
|      1       |         7.81%          |          12.12%          |  9.62%   |     0.00%      |  31.25% | 8.75% |  0.00%  | 12.50% |   12.50%   |   0.00%   |   0.00%   | 6.25%  |         31.25%         |         6.25%          |      31.25%     |         3.12%         |       0.00%        |        0.00%        |        0.00%        |      56.25%     |
|      2       |         2.34%          |          6.06%           |  2.40%   |     0.00%      |  6.25%  | 7.50% |  0.00%  | 12.50% |   9.38%    |   0.00%   |   0.00%   | 6.25%  |         6.25%          |         6.25%          |      25.00%     |         12.50%        |       0.00%        |        0.00%        |        0.00%        |      31.25%     |
|      3       |         1.56%          |          0.00%           |  4.81%   |     0.00%      |  0.00%  | 7.50% |  8.33%  | 0.00%  |   6.25%    |   0.00%   |   50.00%  | 12.50% |         12.50%         |         12.50%         |      0.00%      |         0.00%         |       0.00%        |        0.00%        |        0.00%        |      12.50%     |
|      4       |         0.00%          |          0.00%           |  0.00%   |     0.00%      |  0.00%  | 0.00% |  0.00%  | 0.00%  |   0.00%    |   0.00%   |   0.00%   | 0.00%  |         0.00%          |         0.00%          |      0.00%      |         0.00%         |       0.00%        |        0.00%        |        0.00%        |      0.00%      |
|      5       |         0.00%          |          0.00%           |  0.00%   |     0.00%      |  0.00%  | 0.00% |  0.00%  | 0.00%  |   0.00%    |   0.00%   |   0.00%   | 0.00%  |         0.00%          |         0.00%          |      0.00%      |         0.00%         |       0.00%        |        0.00%        |        0.00%        |      0.00%      |
|      6       |         0.00%          |          0.00%           |  0.00%   |     0.00%      |  0.00%  | 0.00% |  0.00%  | 0.00%  |   0.00%    |   0.00%   |   0.00%   | 0.00%  |         0.00%          |         0.00%          |      0.00%      |         0.00%         |       0.00%        |        0.00%        |        0.00%        |      0.00%      |
|      7       |         0.00%          |          0.00%           |  0.00%   |     0.00%      |  0.00%  | 0.00% |  0.00%  | 0.00%  |   0.00%    |   0.00%   |   0.00%   | 0.00%  |         0.00%          |         0.00%          |      0.00%      |         0.00%         |       0.00%        |        0.00%        |        0.00%        |      0.00%      |
|      8       |         0.00%          |          0.00%           |  0.00%   |     0.00%      |  0.00%  | 0.00% |  0.00%  | 0.00%  |   0.00%    |   0.00%   |   0.00%   | 0.00%  |         0.00%          |         0.00%          |      0.00%      |         0.00%         |       0.00%        |        0.00%        |        0.00%        |      0.00%      |
|      9       |         0.00%          |          0.00%           |  0.00%   |     0.00%      |  0.00%  | 0.00% |  0.00%  | 0.00%  |   0.00%    |   0.00%   |   0.00%   | 0.00%  |         0.00%          |         0.00%          |      0.00%      |         0.00%         |       0.00%        |        0.00%        |        0.00%        |      0.00%      |
|      10      |         0.00%          |          0.00%           |  0.00%   |     0.00%      |  0.00%  | 0.00% |  0.00%  | 0.00%  |   0.00%    |   0.00%   |   0.00%   | 0.00%  |         0.00%          |         0.00%          |      0.00%      |         0.00%         |       0.00%        |        0.00%        |        0.00%        |      0.00%      |
|      11      |         0.00%          |          0.00%           |  0.00%   |     0.00%      |  0.00%  | 0.00% |  0.00%  | 0.00%  |   0.00%    |   0.00%   |   0.00%   | 0.00%  |         0.00%          |         0.00%          |      0.00%      |         0.00%         |       0.00%        |        0.00%        |        0.00%        |      0.00%      |
|              |                        |                          |          |                |         |       |         |        |            |           |           |        |                        |                        |                 |                       |                    |                     |                     |                 |
|   Average    |         3.32%          |          4.55%           |  6.01%   |     0.00%      |  9.38%  | 8.12% |  4.17%  | 6.25%  |   9.38%    |   0.00%   |   25.00%  | 10.94% |         17.19%         |         10.94%         |      15.62%     |         4.10%         |       0.00%        |        0.00%        |        0.00%        |      31.25%     |
-------------------------------------------------------------------------------------------------------------------------------------------------------------------------------------------------------------------------------------------------------------------------------------------------------------------------------------------------------------------


Allocated Resource Usage
-----------------------------------------------------------------------------------------------------------------------------------------
|            Table             | Stage  | Crossbar | Hash | Gateways | RAMs | TCAMs | Map  | Action |  VLIW |  Exm   |  Exm   |  Tind  |
|             Name             | Number |  Bytes   | Bits |          |      |       | RAMs |  Data  | Slots | Search | Result | Result |
|                              |        |          |      |          |      |       |      |  Bus   |       |  Bus   |  Bus   |  Bus   |
|                              |        |          |      |          |      |       |      | Bytes  |       |        |        |        |
-----------------------------------------------------------------------------------------------------------------------------------------
| IngressParser.$PORT_METADATA |   -1   |    0     |  0   |    0     |  0   |   0   |  0   |   0    |   0   |   0    |   0    |   0    |
|      counter_cloud_ing       |   0    |    0     |  0   |    0     |  2   |   0   |  2   |   0    |   0   |   0    |   0    |   0    |
|         counter_ing          |   0    |    0     |  0   |    0     |  2   |   0   |  2   |   0    |   0   |   0    |   0    |   0    |
|   counting_table_cloud_ing   |   0    |    2     |  10  |    0     |  1   |   0   |  0   |   0    |   2   |   1    |   1    |   0    |
|      counting_table_ing      |   0    |    2     |  10  |    0     |  1   |   0   |  0   |   0    |   2   |   1    |   1    |   0    |
|          port_type           |   0    |    2     |  10  |    0     |  1   |   0   |  0   |   1    |   2   |   1    |   1    |   0    |
|     tbl_tna_nbnswitch419     |   0    |    0     |  0   |    0     |  0   |   0   |  0   |   0    |   1   |   0    |   0    |   1    |
|         arp_response         |   1    |    4     |  40  |    0     |  4   |   0   |  0   |   4    |   2   |   1    |   1    |   0    |
|       check_dst_cloud        |   1    |    4     |  0   |    0     |  1   |   1   |  0   |   0    |   2   |   0    |   0    |   1    |
|         cloud_access         |   1    |    4     |  0   |    0     |  1   |   1   |  0   |   0    |   2   |   0    |   0    |   1    |
|           cond-10            |   1    |    2     |  0   |    1     |  0   |   0   |  0   |   0    |   0   |   1    |   0    |   0    |
|           cond-11            |   1    |    2     |  0   |    1     |  0   |   0   |  0   |   0    |   0   |   1    |   0    |   0    |
|           cond-12            |   1    |    4     |  0   |    1     |  0   |   0   |  0   |   0    |   0   |   1    |   0    |   0    |
|            cond-7            |   1    |    2     |  0   |    1     |  0   |   0   |  0   |   0    |   0   |   1    |   0    |   0    |
|            cond-8            |   1    |    4     |  0   |    1     |  0   |   0   |  0   |   0    |   0   |   1    |   0    |   0    |
|     reverse_cloud_access     |   1    |    4     |  0   |    0     |  1   |   1   |  0   |   0    |   2   |   0    |   0    |   1    |
|     tbl_tna_nbnswitch420     |   1    |    0     |  0   |    0     |  0   |   0   |  0   |   0    |   1   |   0    |   0    |   1    |
|     tbl_tna_nbnswitch471     |   1    |    0     |  0   |    0     |  0   |   0   |  0   |   0    |   1   |   0    |   0    |   1    |
|            cond-9            |   2    |    1     |  0   |    1     |  0   |   0   |  0   |   0    |   0   |   1    |   0    |   0    |
|         ipv4_forward         |   2    |    4     |  0   |    0     |  1   |   1   |  0   |   2    |   2   |   0    |   0    |   1    |
|         port_forward         |   2    |    2     |  10  |    0     |  1   |   0   |  0   |   2    |   2   |   1    |   1    |   0    |
|     tbl_tna_nbnswitch441     |   2    |    0     |  0   |    0     |  0   |   0   |  0   |   0    |   1   |   0    |   0    |   1    |
|        update_dst_mac        |   2    |    4     |  0   |    0     |  1   |   1   |  0   |   6    |   2   |   0    |   0    |   1    |
|    update_dst_mac$action     |   2    |    0     |  0   |    0     |  1   |   0   |  0   |   0    |   0   |   0    |   0    |   0    |
|        update_src_mac        |   2    |    4     |  0   |    0     |  1   |   1   |  0   |   6    |   2   |   0    |   0    |   1    |
|    update_src_mac$action     |   2    |    0     |  0   |    0     |  1   |   0   |  0   |   0    |   0   |   0    |   0    |   0    |
|      counter_cloud_egr       |   3    |    0     |  0   |    0     |  2   |   0   |  2   |   0    |   0   |   0    |   0    |   0    |
|         counter_egr          |   3    |    0     |  0   |    0     |  2   |   0   |  2   |   0    |   0   |   0    |   0    |   0    |
|   counting_table_cloud_egr   |   3    |    2     |  10  |    0     |  1   |   0   |  0   |   0    |   2   |   1    |   1    |   0    |
|      counting_table_egr      |   3    |    2     |  10  |    0     |  1   |   0   |  0   |   0    |   2   |   1    |   1    |   0    |
-----------------------------------------------------------------------------------------------------------------------------------------

