+---------------------------------------------------------------------+
|  Log file: mau.characterize.log                                     |
|  Compiler version: 9.6.0                                            |
|  Created on: Mon May 29 15:51:25 2023                               |
|  Run ID: b280d292747592ee                                           |
+---------------------------------------------------------------------+

Match+Action Resource Usage
------------------------------------------------------------------------------------------------------------------------------------------------------------------------------------------------------------------------------------------------------------------------------------------------------------------------------
|              1               |    2    |   3    |    4    |  5   |        6        |   7   |         8         |      9       |    10   |   11  |          12         |       13      |      14     |      15      |   16   |      17      |      18      |      19      |       20      |       21       |       22      |
|            Table             |   Dir   | Stage  |    P4   | Mem  |      Total      | Total |       Table       |    Match     |   TCAM  |  SRAM |        Match        |      Imm.     |     TCAM    |     SRAM     |   P4   |    Action    |    Ideal     |    Actual    |      TCAM     |      SRAM      |      SRAM     |
|             Name             |         |        |  Lookup | Type |      SRAMs      | TCAMs |      Entries      |     Bits     |  Over-  | Over- |       Overhead      |     Action    |     Bits    |     Bits     | Action |     Bits     |    Match     |    Match     |     Match     |     Match      |     Action    |
|                              |         |        | Type(s) |      | TOT(M/A/S/MT/I) |       |     Requested     |     Per      |   head  |  head |      Structure      |      Data     |     Per     |     Per      |  Bits  |     Per      |   Entries-   |   Entries-   |    Packing    |    Packing     |    Packing    |
|                              |         |        |         |      |     (legend     |       |         /         |    Entry     |   Bits  |  Bits | NT/AI/AD/M/S/SL/V/I |       in      |    Entry    |    Entry     |        |    Entry     |    Number    |    Number    |      Eff.     |      Eff.      |      Eff.     |
|                              |         |        |         |      |      below)     |       |     Allocated     |  R/A(diff)   |   Per   |  Per  |       (legend       |    Overhead   |  R/A(diff)  |  R/A(diff)   |        |  R/A(diff)   |     Per      |     Per      |     Ideal/    |     Ideal/     |     Ideal/    |
|                              |         |        |         |      |                 |       |       (diff)      |              |  Entry  | Entry |        below)       |   R/A(diff)   |             |              |        |              |    Memory    |    Memory    |     Actual    |     Actual     |     Actual    |
|                              |         |        |         |      |                 |       |                   |              | ver/vld |       |                     |               |             |              |        |              |    Units     |    Units     |               |                |               |
|                              |         |        |         |      |                 |       |                   |              |         |       |                     |               |             |              |        |              |    (bits)    |    (bits)    |               |                |               |
------------------------------------------------------------------------------------------------------------------------------------------------------------------------------------------------------------------------------------------------------------------------------------------------------------------------------
| IngressParser.$PORT_METADATA | ingress | parser |  exact  | buf  |  0 (0/0/0/0/0)  |   0   |   288 / 288 (0)   |  9 / 0 (-9)  |    0    |   0   |   0/0/0/0/0/0/0/0   |  64 / 0 (-64) |  0 / 0 (0)  |  0 / 0 (0)   |   64   |  0 / 0 (0)   | 1 in 2 (128) | 1 in 1 (64)  |     - / -     |     - / -      |     - / -     |
|                              |         |        |         |      |                 |       |                   |              |         |       |                     |               |             |              |        |              |              |              |               |                |               |
|   counting_table_cloud_ing   | ingress |   0    |  exact  | sram |  3 (1/0/2/0/0)  |   0   |  512 / 1024 (512) |  9 / 0 (-9)  |    0    |   4   |   0/0/0/0/0/0/4/0   |   0 / 0 (0)   |  0 / 0 (0)  | 13 / 4 (-9)  |   0    |  0 / 0 (0)   | 5 in 1 (128) | 1 in 1 (128) |     - / -     |  35.2% / 0.0%  |     - / -     |
|      counting_table_ing      | ingress |   0    |  exact  | sram |  3 (1/0/2/0/0)  |   0   |  512 / 1024 (512) |  9 / 0 (-9)  |    0    |   4   |   0/0/0/0/0/0/4/0   |   0 / 0 (0)   |  0 / 0 (0)  | 13 / 4 (-9)  |   0    |  0 / 0 (0)   | 5 in 1 (128) | 1 in 1 (128) |     - / -     |  35.2% / 0.0%  |     - / -     |
|          port_type           | ingress |   0    |  exact  | sram |  1 (1/0/0/0/0)  |   0   |  512 / 1024 (512) |  9 / 1 (-8)  |    0    |   6   |   0/0/0/0/0/0/4/2   |   2 / 2 (0)   |  0 / 0 (0)  | 15 / 7 (-8)  |   2    |  0 / 0 (0)   | 5 in 1 (128) | 1 in 1 (128) |     - / -     |  43.0% / 1.6%  |     - / -     |
|     tbl_tna_nbnswitch419     | ingress |   0    |    -    | sram |  0 (0/0/0/0/0)  |   0   |     0 / 0 (0)     |  0 / 0 (0)   |    0    |   0   |   0/0/0/0/0/0/0/0   |   0 / 0 (0)   |  0 / 0 (0)  |  0 / 0 (0)   |   0    |  0 / 0 (0)   |  0 in 0 (0)  |  1 in 0 (0)  |     - / -     |     - / -      |     - / -     |
|        stage 0 totals        |    -    |   -    |    -    |  -   |  7 (3/0/4/0/0)  |   0   |         -         |      -       |    -    |   -   |          -          |       -       |      -      |      -       |   -    |      -       |      -       |      -       |       -       |       -        |       -       |
|                              |         |        |         |      |                 |       |                   |              |         |       |                     |               |             |              |        |              |              |              |               |                |               |
|         arp_response         | ingress |   1    |  exact  | sram |  4 (4/0/0/0/0)  |   0   | 512 / 4096 (3584) | 32 / 24 (-8) |    0    |   36  |   0/0/0/0/0/0/4/32  | 64 / 32 (-32) |  0 / 0 (0)  | 68 / 60 (-8) |   0    |  0 / 0 (0)   | 4 in 3 (384) | 1 in 1 (128) |     - / -     | 100.0% / 42.2% |     - / -     |
|       check_dst_cloud        | ingress |   1    |   lpm   | tcam |  1 (0/0/0/0/1)  |   1   |   512 / 512 (0)   | 32 / 32 (0)  |    0    |   0   |   0/0/0/0/0/0/0/0   |   0 / 0 (0)   | 36 / 44 (8) |  0 / 4 (4)   |   0    |  0 / 0 (0)   | 1 in 1 (44)  | 1 in 1 (44)  | 72.7% / 72.7% |     - / -      |     - / -     |
|         cloud_access         | ingress |   1    |   lpm   | tcam |  1 (0/0/0/0/1)  |   1   |   512 / 512 (0)   | 32 / 32 (0)  |    0    |   0   |   0/0/0/0/0/0/0/0   |   0 / 0 (0)   | 36 / 44 (8) |  0 / 4 (4)   |   0    |  0 / 0 (0)   | 1 in 1 (44)  | 1 in 1 (44)  | 72.7% / 72.7% |     - / -      |     - / -     |
|     reverse_cloud_access     | ingress |   1    |   lpm   | tcam |  1 (0/0/0/0/1)  |   1   |   512 / 512 (0)   | 32 / 32 (0)  |    0    |   0   |   0/0/0/0/0/0/0/0   |   0 / 0 (0)   | 36 / 44 (8) |  0 / 4 (4)   |   0    |  0 / 0 (0)   | 1 in 1 (44)  | 1 in 1 (44)  | 72.7% / 72.7% |     - / -      |     - / -     |
|     tbl_tna_nbnswitch420     | ingress |   1    |    -    | sram |  0 (0/0/0/0/0)  |   0   |     0 / 0 (0)     |  0 / 0 (0)   |    0    |   0   |   0/0/0/0/0/0/0/0   |   0 / 0 (0)   |  0 / 0 (0)  |  0 / 0 (0)   |   0    |  0 / 0 (0)   |  0 in 0 (0)  |  1 in 0 (0)  |     - / -     |     - / -      |     - / -     |
|     tbl_tna_nbnswitch471     | ingress |   1    |    -    | sram |  0 (0/0/0/0/0)  |   0   |     0 / 0 (0)     |  0 / 0 (0)   |    0    |   0   |   0/0/0/0/0/0/0/0   |   0 / 0 (0)   |  0 / 0 (0)  |  0 / 0 (0)   |   0    |  0 / 0 (0)   |  0 in 0 (0)  |  1 in 0 (0)  |     - / -     |     - / -      |     - / -     |
|        stage 1 totals        |    -    |   -    |    -    |  -   |  7 (4/0/0/0/3)  |   3   |         -         |      -       |    -    |   -   |          -          |       -       |      -      |      -       |   -    |      -       |      -       |      -       |       -       |       -        |       -       |
|                              |         |        |         |      |                 |       |                   |              |         |       |                     |               |             |              |        |              |              |              |               |                |               |
|         ipv4_forward         | ingress |   2    |   lpm   | tcam |  1 (0/0/0/0/1)  |   1   |   512 / 512 (0)   | 32 / 32 (0)  |    0    |   9   |   0/0/0/0/0/0/0/9   |   9 / 9 (0)   | 36 / 44 (8) |  9 / 16 (7)  |   9    |  0 / 0 (0)   | 1 in 1 (44)  | 1 in 1 (44)  | 72.7% / 72.7% | 98.4% / 56.2%  |     - / -     |
|         port_forward         | ingress |   2    |  exact  | sram |  1 (1/0/0/0/0)  |   0   |  512 / 1024 (512) |  9 / 0 (-9)  |    0    |   13  |   0/0/0/0/0/0/4/9   |   9 / 9 (0)   |  0 / 0 (0)  | 22 / 13 (-9) |   9    |  0 / 0 (0)   | 5 in 1 (128) | 1 in 1 (128) |     - / -     |  70.3% / 7.0%  |     - / -     |
|     tbl_tna_nbnswitch441     | ingress |   2    |    -    | sram |  0 (0/0/0/0/0)  |   0   |     0 / 0 (0)     |  0 / 0 (0)   |    0    |   0   |   0/0/0/0/0/0/0/0   |   0 / 0 (0)   |  0 / 0 (0)  |  0 / 0 (0)   |   0    |  0 / 0 (0)   |  0 in 0 (0)  |  1 in 0 (0)  |     - / -     |     - / -      |     - / -     |
|        update_dst_mac        | ingress |   2    |   lpm   | tcam |  2 (0/1/0/0/1)  |   1   |   512 / 512 (0)   | 32 / 32 (0)  |    0    |   0   |   0/0/0/0/0/0/0/0   |   0 / 0 (0)   | 36 / 44 (8) |  0 / 4 (4)   |   48   | 48 / 64 (16) | 1 in 1 (44)  | 1 in 1 (44)  | 72.7% / 72.7% |     - / -      | 75.0% / 75.0% |
|        update_src_mac        | ingress |   2    |   lpm   | tcam |  2 (0/1/0/0/1)  |   1   |   512 / 512 (0)   | 32 / 32 (0)  |    0    |   0   |   0/0/0/0/0/0/0/0   |   0 / 0 (0)   | 36 / 44 (8) |  0 / 4 (4)   |   48   | 48 / 64 (16) | 1 in 1 (44)  | 1 in 1 (44)  | 72.7% / 72.7% |     - / -      | 75.0% / 75.0% |
|        stage 2 totals        |    -    |   -    |    -    |  -   |  6 (1/2/0/0/3)  |   3   |         -         |      -       |    -    |   -   |          -          |       -       |      -      |      -       |   -    |      -       |      -       |      -       |       -       |       -        |       -       |
|                              |         |        |         |      |                 |       |                   |              |         |       |                     |               |             |              |        |              |              |              |               |                |               |
|   counting_table_cloud_egr   | ingress |   3    |  exact  | sram |  3 (1/0/2/0/0)  |   0   |  512 / 1024 (512) |  9 / 0 (-9)  |    0    |   4   |   0/0/0/0/0/0/4/0   |   0 / 0 (0)   |  0 / 0 (0)  | 13 / 4 (-9)  |   0    |  0 / 0 (0)   | 5 in 1 (128) | 1 in 1 (128) |     - / -     |  35.2% / 0.0%  |     - / -     |
|      counting_table_egr      | ingress |   3    |  exact  | sram |  3 (1/0/2/0/0)  |   0   |  512 / 1024 (512) |  9 / 0 (-9)  |    0    |   4   |   0/0/0/0/0/0/4/0   |   0 / 0 (0)   |  0 / 0 (0)  | 13 / 4 (-9)  |   0    |  0 / 0 (0)   | 5 in 1 (128) | 1 in 1 (128) |     - / -     |  35.2% / 0.0%  |     - / -     |
|        stage 3 totals        |    -    |   -    |    -    |  -   |  6 (2/0/4/0/0)  |   0   |         -         |      -       |    -    |   -   |          -          |       -       |      -      |      -       |   -    |      -       |      -       |      -       |       -       |       -        |       -       |
|                              |         |        |         |      |                 |       |                   |              |         |       |                     |               |             |              |        |              |              |              |               |                |               |
|   overall totals (ingress)   |    -    |   -    |    -    |  -   | 26 (10/2/8/0/6) |   6   |         -         |      -       |    -    |   -   |          -          |       -       |      -      |      -       |   -    |      -       |      -       |      -       |       -       |       -        |       -       |
|                              |         |        |         |      |                 |       |                   |              |         |       |                     |               |             |              |        |              |              |              |               |                |               |
|   overall totals (egress)    |    -    |   -    |    -    |  -   |  0 (0/0/0/0/0)  |   0   |         -         |      -       |    -    |   -   |          -          |       -       |      -      |      -       |   -    |      -       |      -       |      -       |       -       |       -        |       -       |
|                              |         |        |         |      |                 |       |                   |              |         |       |                     |               |             |              |        |              |              |              |               |                |               |
|        overall totals        |    -    |   -    |    -    |  -   | 26 (10/2/8/0/6) |   6   |         -         |      -       |    -    |   -   |          -          |       -       |      -      |      -       |   -    |      -       |      -       |      -       |       -       |       -        |       -       |
------------------------------------------------------------------------------------------------------------------------------------------------------------------------------------------------------------------------------------------------------------------------------------------------------------------------------

Total SRAMs Legend:
TOT (M/A/S/MT/I)
TOT = Total
M = Match
A = Action
S = Statistics
MT = Meter / Stateful / Selection
I = Ternary Indirection

Match Overhead Structure Legend:
NT/AI/AD/M/S/SL/V/I
NT = Next Table Pointer
AI = Action Instruction Pointer
AD = Action Data Pointer
M = Meter/Selection/Stateful Pointer
S = Statistics Pointer
SL = Selection Length
V = Entry Version
I = Immediate Action Data





+----------------------------------------------------------------+
    OVERHEAD STRUCTURES
+----------------------------------------------------------------+

+----------------------------------------------------------------+
   IngressParser.$PORT_METADATA
+----------------------------------------------------------------+
Match Overhead:

  Total bits: 0
+----------------------------------------------------------------+
   arp_response
+----------------------------------------------------------------+
Match Overhead:
  Field --version_valid-- [3:0] (4 bits)
  Field --immediate-- [31:0] (32 bits)

  Total bits: 36
+----------------------------------------------------------------+
   check_dst_cloud
+----------------------------------------------------------------+
Match Overhead:

  Total bits: 0
+----------------------------------------------------------------+
   cloud_access
+----------------------------------------------------------------+
Match Overhead:

  Total bits: 0
+----------------------------------------------------------------+
   counting_table_cloud_egr
+----------------------------------------------------------------+
Match Overhead:
  Field --version_valid-- [3:0] (4 bits)

  Total bits: 4
+----------------------------------------------------------------+
   counting_table_cloud_ing
+----------------------------------------------------------------+
Match Overhead:
  Field --version_valid-- [3:0] (4 bits)

  Total bits: 4
+----------------------------------------------------------------+
   counting_table_egr
+----------------------------------------------------------------+
Match Overhead:
  Field --version_valid-- [3:0] (4 bits)

  Total bits: 4
+----------------------------------------------------------------+
   counting_table_ing
+----------------------------------------------------------------+
Match Overhead:
  Field --version_valid-- [3:0] (4 bits)

  Total bits: 4
+----------------------------------------------------------------+
   ipv4_forward
+----------------------------------------------------------------+
Match Overhead:
  Field --immediate-- [8:0] (9 bits)

  Total bits: 9
+----------------------------------------------------------------+
   port_forward
+----------------------------------------------------------------+
Match Overhead:
  Field --version_valid-- [3:0] (4 bits)
  Field --immediate-- [8:0] (9 bits)

  Total bits: 13
+----------------------------------------------------------------+
   port_type
+----------------------------------------------------------------+
Match Overhead:
  Field --version_valid-- [3:0] (4 bits)
  Field --immediate-- [1:0] (2 bits)

  Total bits: 6
+----------------------------------------------------------------+
   reverse_cloud_access
+----------------------------------------------------------------+
Match Overhead:

  Total bits: 0
+----------------------------------------------------------------+
   tbl_tna_nbnswitch419
+----------------------------------------------------------------+
Match Overhead:

  Total bits: 0
+----------------------------------------------------------------+
   tbl_tna_nbnswitch420
+----------------------------------------------------------------+
Match Overhead:

  Total bits: 0
+----------------------------------------------------------------+
   tbl_tna_nbnswitch441
+----------------------------------------------------------------+
Match Overhead:

  Total bits: 0
+----------------------------------------------------------------+
   tbl_tna_nbnswitch471
+----------------------------------------------------------------+
Match Overhead:

  Total bits: 0
+----------------------------------------------------------------+
   update_dst_mac
+----------------------------------------------------------------+
Match Overhead:

  Total bits: 0
+----------------------------------------------------------------+
   update_src_mac
+----------------------------------------------------------------+
Match Overhead:

  Total bits: 0





+----------------------------------------------------------------+
    MATCH AND ACTION FORMATS
+----------------------------------------------------------------+

+----------------------------------------------------------------+
  IngressParser.$PORT_METADATA
+----------------------------------------------------------------+
+------------------------------------------------+
   Match format for IngressParser.$PORT_METADATA
+------------------------------------------------+
Stage -1:
Pack Format:
  table_word_width: 64
  memory_word_width: 64
  entries_per_table_word: 1
  number_memory_units_per_table_word: 1
  entry_list: [
    entry_number : 0
    field_list : [
       Field ig_intr_md [63:0]   : in bits [63:0]
    ]
  ]
+----------------------------------------------------------------+
  arp_response
+----------------------------------------------------------------+
+------------------------------------------------+
   Match format for arp_response
+------------------------------------------------+
Stage 1:
Pack Format:
  table_word_width: 128
  memory_word_width: 128
  entries_per_table_word: 1
  number_memory_units_per_table_word: 1
  entry_list: [
    entry_number : 0
    field_list : [
       Field action [1:0]       : in bits [1:0]
       Field immediate [31:0]   : in bits [33:2]
       Field version [3:0]      : in bits [115:112]
       Field arp_ip [15:10]     : in bits [39:34]
       Field arp_ip [23:16]     : in bits [47:40]
       Field arp_ip [31:24]     : in bits [55:48]
    ]
  ]
+----------------------------------------------------------------+
  check_dst_cloud
+----------------------------------------------------------------+
+------------------------------------------------+
   Match format for check_dst_cloud
+------------------------------------------------+
Stage 1:
Pack Format:
  table_word_width: 44
  memory_word_width: 44
  entries_per_table_word: 1
  number_memory_units_per_table_word: 1
  entry_list: [
    entry_number : 0
    field_list : [
       Field --version-- [1:0]     : in bits [43:42]
       Field cloud_dst_ip [31:0]   : in bits [31:0]
    ]
  ]
+----------------------------------------------------------------+
  cloud_access
+----------------------------------------------------------------+
+------------------------------------------------+
   Match format for cloud_access
+------------------------------------------------+
Stage 1:
Pack Format:
  table_word_width: 44
  memory_word_width: 44
  entries_per_table_word: 1
  number_memory_units_per_table_word: 1
  entry_list: [
    entry_number : 0
    field_list : [
       Field --version-- [1:0]   : in bits [43:42]
       Field src_ip [31:16]      : in bits [15:0]
       Field src_ip [15:0]       : in bits [31:16]
    ]
  ]
+----------------------------------------------------------------+
  counting_table_cloud_egr
+----------------------------------------------------------------+
+------------------------------------------------+
   Match format for counting_table_cloud_egr
+------------------------------------------------+
Stage 3:
Pack Format:
  table_word_width: 128
  memory_word_width: 128
  entries_per_table_word: 1
  number_memory_units_per_table_word: 1
  entry_list: [
    entry_number : 0
    field_list : [
       Field version [3:0]   : in bits [115:112]
    ]
  ]
+----------------------------------------------------------------+
  counting_table_cloud_ing
+----------------------------------------------------------------+
+------------------------------------------------+
   Match format for counting_table_cloud_ing
+------------------------------------------------+
Stage 0:
Pack Format:
  table_word_width: 128
  memory_word_width: 128
  entries_per_table_word: 1
  number_memory_units_per_table_word: 1
  entry_list: [
    entry_number : 0
    field_list : [
       Field version [3:0]   : in bits [115:112]
    ]
  ]
+----------------------------------------------------------------+
  counting_table_egr
+----------------------------------------------------------------+
+------------------------------------------------+
   Match format for counting_table_egr
+------------------------------------------------+
Stage 3:
Pack Format:
  table_word_width: 128
  memory_word_width: 128
  entries_per_table_word: 1
  number_memory_units_per_table_word: 1
  entry_list: [
    entry_number : 0
    field_list : [
       Field version [3:0]   : in bits [115:112]
    ]
  ]
+----------------------------------------------------------------+
  counting_table_ing
+----------------------------------------------------------------+
+------------------------------------------------+
   Match format for counting_table_ing
+------------------------------------------------+
Stage 0:
Pack Format:
  table_word_width: 128
  memory_word_width: 128
  entries_per_table_word: 1
  number_memory_units_per_table_word: 1
  entry_list: [
    entry_number : 0
    field_list : [
       Field version [3:0]   : in bits [115:112]
    ]
  ]
+----------------------------------------------------------------+
  ipv4_forward
+----------------------------------------------------------------+
+------------------------------------------------+
   Match format for ipv4_forward
+------------------------------------------------+
Stage 2:
Pack Format:
  table_word_width: 44
  memory_word_width: 44
  entries_per_table_word: 1
  number_memory_units_per_table_word: 1
  entry_list: [
    entry_number : 0
    field_list : [
       Field --version-- [1:0]   : in bits [43:42]
       Field dst_ip [31:0]       : in bits [31:0]
    ]
  ]
+----------------------------------------------------------------+
  port_forward
+----------------------------------------------------------------+
+------------------------------------------------+
   Match format for port_forward
+------------------------------------------------+
Stage 2:
Pack Format:
  table_word_width: 128
  memory_word_width: 128
  entries_per_table_word: 1
  number_memory_units_per_table_word: 1
  entry_list: [
    entry_number : 0
    field_list : [
       Field immediate [8:0]   : in bits [8:0]
       Field version [3:0]     : in bits [115:112]
    ]
  ]
+----------------------------------------------------------------+
  port_type
+----------------------------------------------------------------+
+------------------------------------------------+
   Match format for port_type
+------------------------------------------------+
Stage 0:
Pack Format:
  table_word_width: 128
  memory_word_width: 128
  entries_per_table_word: 1
  number_memory_units_per_table_word: 1
  entry_list: [
    entry_number : 0
    field_list : [
       Field action [0:0]      : in bits [0:0]
       Field immediate [1:0]   : in bits [2:1]
       Field version [3:0]     : in bits [115:112]
    ]
  ]
+----------------------------------------------------------------+
  reverse_cloud_access
+----------------------------------------------------------------+
+------------------------------------------------+
   Match format for reverse_cloud_access
+------------------------------------------------+
Stage 1:
Pack Format:
  table_word_width: 44
  memory_word_width: 44
  entries_per_table_word: 1
  number_memory_units_per_table_word: 1
  entry_list: [
    entry_number : 0
    field_list : [
       Field --version-- [1:0]      : in bits [43:42]
       Field dst_ip_access [31:0]   : in bits [31:0]
    ]
  ]
+----------------------------------------------------------------+
  tbl_tna_nbnswitch419
+----------------------------------------------------------------+
+------------------------------------------------+
   Match format for tbl_tna_nbnswitch419
+------------------------------------------------+
Stage 0:
No match entries required.
+----------------------------------------------------------------+
  tbl_tna_nbnswitch420
+----------------------------------------------------------------+
+------------------------------------------------+
   Match format for tbl_tna_nbnswitch420
+------------------------------------------------+
Stage 1:
No match entries required.
+----------------------------------------------------------------+
  tbl_tna_nbnswitch441
+----------------------------------------------------------------+
+------------------------------------------------+
   Match format for tbl_tna_nbnswitch441
+------------------------------------------------+
Stage 2:
No match entries required.
+----------------------------------------------------------------+
  tbl_tna_nbnswitch471
+----------------------------------------------------------------+
+------------------------------------------------+
   Match format for tbl_tna_nbnswitch471
+------------------------------------------------+
Stage 1:
No match entries required.
+----------------------------------------------------------------+
  update_dst_mac
+----------------------------------------------------------------+
+------------------------------------------------+
   Match format for update_dst_mac
+------------------------------------------------+
Stage 2:
Pack Format:
  table_word_width: 44
  memory_word_width: 44
  entries_per_table_word: 1
  number_memory_units_per_table_word: 1
  entry_list: [
    entry_number : 0
    field_list : [
       Field --version-- [1:0]   : in bits [43:42]
       Field dst_ip_mac [31:0]   : in bits [31:0]
    ]
  ]

Action nop
---------------------------
Pack Format:
  table_word_width: 128
  memory_word_width: 128
  entries_per_table_word: 2
  number_memory_units_per_table_word: 1
  entry_list: [
    entry_number : 1
    field_list : [
       Field --padding_0_63-- [63:0]   : in bits [127:64]
    ]
    entry_number : 0
    field_list : [
       Field --padding_0_63-- [63:0]   : in bits [63:0]
    ]
  ]

Action data bus usage:
Stage: 2
No action parameter mapping provided.  Action data bus usage will not be displayed.

Action set_dst_mac
---------------------------
Pack Format:
  table_word_width: 128
  memory_word_width: 128
  entries_per_table_word: 2
  number_memory_units_per_table_word: 1
  entry_list: [
    entry_number : 1
    field_list : [
       Field dst_mac [47:32]            : in bits [79:64]
       Field dst_mac [31:0]             : in bits [127:96]
       Field --padding_16_31-- [15:0]   : in bits [95:80]
    ]
    entry_number : 0
    field_list : [
       Field dst_mac [47:32]            : in bits [15:0]
       Field dst_mac [31:0]             : in bits [63:32]
       Field --padding_16_31-- [15:0]   : in bits [31:16]
    ]
  ]

Action data bus usage:
Stage: 2
No action parameter mapping provided.  Action data bus usage will not be displayed.
+----------------------------------------------------------------+
  update_src_mac
+----------------------------------------------------------------+
+------------------------------------------------+
   Match format for update_src_mac
+------------------------------------------------+
Stage 2:
Pack Format:
  table_word_width: 44
  memory_word_width: 44
  entries_per_table_word: 1
  number_memory_units_per_table_word: 1
  entry_list: [
    entry_number : 0
    field_list : [
       Field --version-- [1:0]   : in bits [43:42]
       Field src_ip_mac [31:0]   : in bits [31:0]
    ]
  ]

Action nop
---------------------------
Pack Format:
  table_word_width: 128
  memory_word_width: 128
  entries_per_table_word: 2
  number_memory_units_per_table_word: 1
  entry_list: [
    entry_number : 1
    field_list : [
       Field --padding_0_63-- [63:0]   : in bits [127:64]
    ]
    entry_number : 0
    field_list : [
       Field --padding_0_63-- [63:0]   : in bits [63:0]
    ]
  ]

Action data bus usage:
Stage: 2
No action parameter mapping provided.  Action data bus usage will not be displayed.

Action set_src_mac
---------------------------
Pack Format:
  table_word_width: 128
  memory_word_width: 128
  entries_per_table_word: 2
  number_memory_units_per_table_word: 1
  entry_list: [
    entry_number : 1
    field_list : [
       Field src_mac [47:32]            : in bits [79:64]
       Field src_mac [31:0]             : in bits [127:96]
       Field --padding_16_31-- [15:0]   : in bits [95:80]
    ]
    entry_number : 0
    field_list : [
       Field src_mac [47:32]            : in bits [15:0]
       Field src_mac [31:0]             : in bits [63:32]
       Field --padding_16_31-- [15:0]   : in bits [31:16]
    ]
  ]

Action data bus usage:
Stage: 2
No action parameter mapping provided.  Action data bus usage will not be displayed.
