+---------------------------------------------------------------------+
|  Log file: pa.characterize.log                                      |
|  Compiler version: 9.6.0                                            |
|  Created on: Mon May 29 15:51:25 2023                               |
|  Run ID: b280d292747592ee                                           |
+---------------------------------------------------------------------+

Program: tna_nbnswitch.p4

-----------------------------------------------------------------------------------------------------------------------------------------
| Container |  Gress  |                   Name                   | Class |  | P | 0 | 1  | 2 | 3 | 4 | 5 | 6 | 7 | 8 | 9 | 10 | 11 | D |
-----------------------------------------------------------------------------------------------------------------------------------------
|    phv0   | ingress |                                          |       |  |   |   |    |   |   |   |   |   |   |   |   |    |    |   |
|   [31:0]  | ingress |       hdr.ethernet.src_addr[31:0]        |  pkt  |  | W | ~ | RW | W | ~ | ~ | ~ | ~ | ~ | ~ | ~ | ~  | ~  | R |
|    phv1   | ingress |                                          |       |  |   |   |    |   |   |   |   |   |   |   |   |    |    |   |
|   [31:0]  | ingress |       hdr.ethernet.dst_addr[31:0]        |  pkt  |  | W | ~ | W  | W | ~ | ~ | ~ | ~ | ~ | ~ | ~ | ~  | ~  | R |
|    phv2   | ingress |                                          | OL,SH |  |   |   |    |   |   |   |   |   |   |   |   |    |    |   |
|   [31:0]  | ingress |         hdr.ipv4.src_addr[31:0]          |  pkt  |  | W | ~ | R  | ~ | ~ | ~ | ~ | ~ | ~ | ~ | ~ | ~  | ~  | R |
|   [31:0]  | ingress |          hdr.arp.tpa_addr[31:0]          |  pkt  |  | W | ~ | RW | ~ | ~ | ~ | ~ | ~ | ~ | ~ | ~ | ~  | ~  | R |
|    phv3   | ingress |                                          | OL,SH |  |   |   |    |   |   |   |   |   |   |   |   |    |    |   |
|   [31:0]  | ingress |         hdr.ipv4.dst_addr[31:0]          |  pkt  |  | W | ~ | R  | R | ~ | ~ | ~ | ~ | ~ | ~ | ~ | ~  | ~  | R |
|   [31:0]  | ingress |          hdr.arp.spa_addr[31:0]          |  pkt  |  | W | ~ | W  | ~ | ~ | ~ | ~ | ~ | ~ | ~ | ~ | ~  | ~  | R |
|    phv4   | ingress |                                          | OL,SH |  |   |   |    |   |   |   |   |   |   |   |   |    |    |   |
|   [31:0]  | ingress |             temp_ip_0[31:0]              |  meta |  |   |   | R  |   |   |   |   |   |   |   |   |    |    |   |
|    [0:0]  | ingress |             dst_cloud_0[0:0]             |  meta |  |   |   | W  |   |   |   |   |   |   |   |   |    |    |   |
|    phv5   | ingress |                                          |       |  |   |   |    |   |   |   |   |   |   |   |   |    |    |   |
|   [31:0]  | ingress |          hdr.arp.sha_addr[31:0]          |  pkt  |  | W | ~ | RW | ~ | ~ | ~ | ~ | ~ | ~ | ~ | ~ | ~  | ~  | R |
|    phv6   | ingress |                                          |       |  |   |   |    |   |   |   |   |   |   |   |   |    |    |   |
|   [31:0]  | ingress |          hdr.arp.tha_addr[31:0]          |  pkt  |  | W | ~ | W  | ~ | ~ | ~ | ~ | ~ | ~ | ~ | ~ | ~  | ~  | R |
|    phv7   |    -    |                                          |       |  |   |   |    |   |   |   |   |   |   |   |   |    |    |   |
|    phv8   |    -    |                                          |       |  |   |   |    |   |   |   |   |   |   |   |   |    |    |   |
|    phv9   |    -    |                                          |       |  |   |   |    |   |   |   |   |   |   |   |   |    |    |   |
|   phv10   |    -    |                                          |       |  |   |   |    |   |   |   |   |   |   |   |   |    |    |   |
|   phv11   |    -    |                                          |       |  |   |   |    |   |   |   |   |   |   |   |   |    |    |   |
|   phv12   |    -    |                                          |       |  |   |   |    |   |   |   |   |   |   |   |   |    |    |   |
|   phv13   |    -    |                                          |       |  |   |   |    |   |   |   |   |   |   |   |   |    |    |   |
|   phv14   |    -    |                                          |       |  |   |   |    |   |   |   |   |   |   |   |   |    |    |   |
|   phv15   |    -    |                                          |       |  |   |   |    |   |   |   |   |   |   |   |   |    |    |   |
|   phv16   |    -    |                                          |       |  |   |   |    |   |   |   |   |   |   |   |   |    |    |   |
|   phv17   |    -    |                                          |       |  |   |   |    |   |   |   |   |   |   |   |   |    |    |   |
|   phv18   |    -    |                                          |       |  |   |   |    |   |   |   |   |   |   |   |   |    |    |   |
|   phv19   |    -    |                                          |       |  |   |   |    |   |   |   |   |   |   |   |   |    |    |   |
|   phv20   |    -    |                                          |       |  |   |   |    |   |   |   |   |   |   |   |   |    |    |   |
|   phv21   |    -    |                                          |       |  |   |   |    |   |   |   |   |   |   |   |   |    |    |   |
|   phv22   |    -    |                                          |       |  |   |   |    |   |   |   |   |   |   |   |   |    |    |   |
|   phv23   |    -    |                                          |       |  |   |   |    |   |   |   |   |   |   |   |   |    |    |   |
|   phv24   |    -    |                                          |       |  |   |   |    |   |   |   |   |   |   |   |   |    |    |   |
|   phv25   |    -    |                                          |       |  |   |   |    |   |   |   |   |   |   |   |   |    |    |   |
|   phv26   |    -    |                                          |       |  |   |   |    |   |   |   |   |   |   |   |   |    |    |   |
|   phv27   |    -    |                                          |       |  |   |   |    |   |   |   |   |   |   |   |   |    |    |   |
|   phv28   |    -    |                                          |       |  |   |   |    |   |   |   |   |   |   |   |   |    |    |   |
|   phv29   |    -    |                                          |       |  |   |   |    |   |   |   |   |   |   |   |   |    |    |   |
|   phv30   |    -    |                                          |       |  |   |   |    |   |   |   |   |   |   |   |   |    |    |   |
|   phv31   |    -    |                                          |       |  |   |   |    |   |   |   |   |   |   |   |   |    |    |   |
|   phv32   |    -    |                                          |       |  |   |   |    |   |   |   |   |   |   |   |   |    |    |   |
|   phv33   |    -    |                                          |       |  |   |   |    |   |   |   |   |   |   |   |   |    |    |   |
|   phv34   |    -    |                                          |       |  |   |   |    |   |   |   |   |   |   |   |   |    |    |   |
|   phv35   |    -    |                                          |       |  |   |   |    |   |   |   |   |   |   |   |   |    |    |   |
|   phv36   |    -    |                                          |       |  |   |   |    |   |   |   |   |   |   |   |   |    |    |   |
|   phv37   |    -    |                                          |       |  |   |   |    |   |   |   |   |   |   |   |   |    |    |   |
|   phv38   |    -    |                                          |       |  |   |   |    |   |   |   |   |   |   |   |   |    |    |   |
|   phv39   |    -    |                                          |       |  |   |   |    |   |   |   |   |   |   |   |   |    |    |   |
|   phv40   |    -    |                                          |       |  |   |   |    |   |   |   |   |   |   |   |   |    |    |   |
|   phv41   |    -    |                                          |       |  |   |   |    |   |   |   |   |   |   |   |   |    |    |   |
|   phv42   |    -    |                                          |       |  |   |   |    |   |   |   |   |   |   |   |   |    |    |   |
|   phv43   |    -    |                                          |       |  |   |   |    |   |   |   |   |   |   |   |   |    |    |   |
|   phv44   |    -    |                                          |       |  |   |   |    |   |   |   |   |   |   |   |   |    |    |   |
|   phv45   |    -    |                                          |       |  |   |   |    |   |   |   |   |   |   |   |   |    |    |   |
|   phv46   |    -    |                                          |       |  |   |   |    |   |   |   |   |   |   |   |   |    |    |   |
|   phv47   |    -    |                                          |       |  |   |   |    |   |   |   |   |   |   |   |   |    |    |   |
|   phv48   |    -    |                                          |       |  |   |   |    |   |   |   |   |   |   |   |   |    |    |   |
|   phv49   |    -    |                                          |       |  |   |   |    |   |   |   |   |   |   |   |   |    |    |   |
|   phv50   |    -    |                                          |       |  |   |   |    |   |   |   |   |   |   |   |   |    |    |   |
|   phv51   |    -    |                                          |       |  |   |   |    |   |   |   |   |   |   |   |   |    |    |   |
|   phv52   |    -    |                                          |       |  |   |   |    |   |   |   |   |   |   |   |   |    |    |   |
|   phv53   |    -    |                                          |       |  |   |   |    |   |   |   |   |   |   |   |   |    |    |   |
|   phv54   |    -    |                                          |       |  |   |   |    |   |   |   |   |   |   |   |   |    |    |   |
|   phv55   |    -    |                                          |       |  |   |   |    |   |   |   |   |   |   |   |   |    |    |   |
|   phv56   |    -    |                                          |       |  |   |   |    |   |   |   |   |   |   |   |   |    |    |   |
|   phv57   |    -    |                                          |       |  |   |   |    |   |   |   |   |   |   |   |   |    |    |   |
|   phv58   |    -    |                                          |       |  |   |   |    |   |   |   |   |   |   |   |   |    |    |   |
|   phv59   |    -    |                                          |       |  |   |   |    |   |   |   |   |   |   |   |   |    |    |   |
|   phv60   |    -    |                                          |       |  |   |   |    |   |   |   |   |   |   |   |   |    |    |   |
|   phv61   |    -    |                                          |       |  |   |   |    |   |   |   |   |   |   |   |   |    |    |   |
|   phv62   |    -    |                                          |       |  |   |   |    |   |   |   |   |   |   |   |   |    |    |   |
|   phv63   |    -    |                                          |       |  |   |   |    |   |   |   |   |   |   |   |   |    |    |   |
|           |         |                                          |       |  |   |   |    |   |   |   |   |   |   |   |   |    |    |   |
|   phv64   | ingress |                                          |       |  |   |   |    |   |   |   |   |   |   |   |   |    |    |   |
|    [2:0]  | ingress |  ig_intr_md_for_dprsr.digest_type[2:0]   | imeta |  |   | W | ~  | ~ | ~ | ~ | ~ | ~ | ~ | ~ | ~ | ~  | ~  | R |
|   phv65   | ingress |                                          | OL,SH |  |   |   |    |   |   |   |   |   |   |   |   |    |    |   |
|    [7:2]  | ingress |         ig_md.traffic_type[7:2]          |  meta |  |   | W |    |   |   |   |   |   |   |   |   |    |    |   |
|    [1:1]  | ingress |       hdr.vlan_tag[0].$valid[0:0]        |  pov  |  |   |   |    |   |   |   |   |   |   |   |   |    |    | R |
|    [1:0]  | ingress |       hdr.vlan_tag.$stkvalid[1:0]        |  meta |  | W |   |    |   |   |   |   |   |   |   |   |    |    |   |
|    [0:0]  | ingress |       hdr.vlan_tag[1].$valid[0:0]        |  meta |  |   |   |    |   |   |   |   |   |   |   |   |    |    | R |
|   phv66   | ingress |                                          |   SH  |  |   |   |    |   |   |   |   |   |   |   |   |    |    |   |
|    [4:3]  | ingress |         ig_md.traffic_type[1:0]          |  meta |  |   | W |    |   |   |   |   |   |   |   |   |    |    |   |
|    [2:2]  | ingress |           hdr.arp.$valid[0:0]            |  pov  |  | W | ~ | ~  | ~ | ~ | ~ | ~ | ~ | ~ | ~ | ~ | ~  | ~  | R |
|    [1:1]  | ingress |           hdr.ipv4.$valid[0:0]           |  pov  |  | W | ~ | ~  | ~ | ~ | ~ | ~ | ~ | ~ | ~ | ~ | ~  | ~  | R |
|    [0:0]  | ingress |         hdr.ethernet.$valid[0:0]         |  pov  |  | W | ~ | ~  | ~ | ~ | ~ | ~ | ~ | ~ | ~ | ~ | ~  | ~  | R |
|   phv67   |    -    |                                          |       |  |   |   |    |   |   |   |   |   |   |   |   |    |    |   |
|   phv68   |    -    |                                          |       |  |   |   |    |   |   |   |   |   |   |   |   |    |    |   |
|   phv69   |    -    |                                          |       |  |   |   |    |   |   |   |   |   |   |   |   |    |    |   |
|   phv70   |    -    |                                          |       |  |   |   |    |   |   |   |   |   |   |   |   |    |    |   |
|   phv71   |    -    |                                          |       |  |   |   |    |   |   |   |   |   |   |   |   |    |    |   |
|   phv72   |    -    |                                          |       |  |   |   |    |   |   |   |   |   |   |   |   |    |    |   |
|   phv73   |    -    |                                          |       |  |   |   |    |   |   |   |   |   |   |   |   |    |    |   |
|   phv74   |    -    |                                          |       |  |   |   |    |   |   |   |   |   |   |   |   |    |    |   |
|   phv75   |    -    |                                          |       |  |   |   |    |   |   |   |   |   |   |   |   |    |    |   |
|   phv76   |    -    |                                          |       |  |   |   |    |   |   |   |   |   |   |   |   |    |    |   |
|   phv77   |    -    |                                          |       |  |   |   |    |   |   |   |   |   |   |   |   |    |    |   |
|   phv78   |    -    |                                          |       |  |   |   |    |   |   |   |   |   |   |   |   |    |    |   |
|   phv79   |    -    |                                          |       |  |   |   |    |   |   |   |   |   |   |   |   |    |    |   |
|   phv80   |    -    |                                          |       |  |   |   |    |   |   |   |   |   |   |   |   |    |    |   |
|   phv81   |    -    |                                          |       |  |   |   |    |   |   |   |   |   |   |   |   |    |    |   |
|   phv82   |    -    |                                          |       |  |   |   |    |   |   |   |   |   |   |   |   |    |    |   |
|   phv83   |    -    |                                          |       |  |   |   |    |   |   |   |   |   |   |   |   |    |    |   |
|   phv84   |    -    |                                          |       |  |   |   |    |   |   |   |   |   |   |   |   |    |    |   |
|   phv85   |    -    |                                          |       |  |   |   |    |   |   |   |   |   |   |   |   |    |    |   |
|   phv86   |    -    |                                          |       |  |   |   |    |   |   |   |   |   |   |   |   |    |    |   |
|   phv87   |    -    |                                          |       |  |   |   |    |   |   |   |   |   |   |   |   |    |    |   |
|   phv88   |    -    |                                          |       |  |   |   |    |   |   |   |   |   |   |   |   |    |    |   |
|   phv89   |    -    |                                          |       |  |   |   |    |   |   |   |   |   |   |   |   |    |    |   |
|   phv90   |    -    |                                          |       |  |   |   |    |   |   |   |   |   |   |   |   |    |    |   |
|   phv91   |    -    |                                          |       |  |   |   |    |   |   |   |   |   |   |   |   |    |    |   |
|   phv92   |    -    |                                          |       |  |   |   |    |   |   |   |   |   |   |   |   |    |    |   |
|   phv93   |    -    |                                          |       |  |   |   |    |   |   |   |   |   |   |   |   |    |    |   |
|   phv94   |    -    |                                          |       |  |   |   |    |   |   |   |   |   |   |   |   |    |    |   |
|   phv95   |    -    |                                          |       |  |   |   |    |   |   |   |   |   |   |   |   |    |    |   |
|   phv96   |    -    |                                          |       |  |   |   |    |   |   |   |   |   |   |   |   |    |    |   |
|   phv97   |    -    |                                          |       |  |   |   |    |   |   |   |   |   |   |   |   |    |    |   |
|   phv98   |    -    |                                          |       |  |   |   |    |   |   |   |   |   |   |   |   |    |    |   |
|   phv99   |    -    |                                          |       |  |   |   |    |   |   |   |   |   |   |   |   |    |    |   |
|   phv100  |    -    |                                          |       |  |   |   |    |   |   |   |   |   |   |   |   |    |    |   |
|   phv101  |    -    |                                          |       |  |   |   |    |   |   |   |   |   |   |   |   |    |    |   |
|   phv102  |    -    |                                          |       |  |   |   |    |   |   |   |   |   |   |   |   |    |    |   |
|   phv103  |    -    |                                          |       |  |   |   |    |   |   |   |   |   |   |   |   |    |    |   |
|   phv104  |    -    |                                          |       |  |   |   |    |   |   |   |   |   |   |   |   |    |    |   |
|   phv105  |    -    |                                          |       |  |   |   |    |   |   |   |   |   |   |   |   |    |    |   |
|   phv106  |    -    |                                          |       |  |   |   |    |   |   |   |   |   |   |   |   |    |    |   |
|   phv107  |    -    |                                          |       |  |   |   |    |   |   |   |   |   |   |   |   |    |    |   |
|   phv108  |    -    |                                          |       |  |   |   |    |   |   |   |   |   |   |   |   |    |    |   |
|   phv109  |    -    |                                          |       |  |   |   |    |   |   |   |   |   |   |   |   |    |    |   |
|   phv110  |    -    |                                          |       |  |   |   |    |   |   |   |   |   |   |   |   |    |    |   |
|   phv111  |    -    |                                          |       |  |   |   |    |   |   |   |   |   |   |   |   |    |    |   |
|   phv112  |    -    |                                          |       |  |   |   |    |   |   |   |   |   |   |   |   |    |    |   |
|   phv113  |    -    |                                          |       |  |   |   |    |   |   |   |   |   |   |   |   |    |    |   |
|   phv114  |    -    |                                          |       |  |   |   |    |   |   |   |   |   |   |   |   |    |    |   |
|   phv115  |    -    |                                          |       |  |   |   |    |   |   |   |   |   |   |   |   |    |    |   |
|   phv116  |    -    |                                          |       |  |   |   |    |   |   |   |   |   |   |   |   |    |    |   |
|   phv117  |    -    |                                          |       |  |   |   |    |   |   |   |   |   |   |   |   |    |    |   |
|   phv118  |    -    |                                          |       |  |   |   |    |   |   |   |   |   |   |   |   |    |    |   |
|   phv119  |    -    |                                          |       |  |   |   |    |   |   |   |   |   |   |   |   |    |    |   |
|   phv120  |    -    |                                          |       |  |   |   |    |   |   |   |   |   |   |   |   |    |    |   |
|   phv121  |    -    |                                          |       |  |   |   |    |   |   |   |   |   |   |   |   |    |    |   |
|   phv122  |    -    |                                          |       |  |   |   |    |   |   |   |   |   |   |   |   |    |    |   |
|   phv123  |    -    |                                          |       |  |   |   |    |   |   |   |   |   |   |   |   |    |    |   |
|   phv124  |    -    |                                          |       |  |   |   |    |   |   |   |   |   |   |   |   |    |    |   |
|   phv125  |    -    |                                          |       |  |   |   |    |   |   |   |   |   |   |   |   |    |    |   |
|   phv126  |    -    |                                          |       |  |   |   |    |   |   |   |   |   |   |   |   |    |    |   |
|   phv127  |    -    |                                          |       |  |   |   |    |   |   |   |   |   |   |   |   |    |    |   |
|           |         |                                          |       |  |   |   |    |   |   |   |   |   |   |   |   |    |    |   |
|   phv128  | ingress |                                          |       |  |   |   |    |   |   |   |   |   |   |   |   |    |    |   |
|    [8:0]  | ingress |       ig_intr_md.ingress_port[8:0]       | imeta |  | W | R | R  | R |   |   |   |   |   |   |   |    |    |   |
|   phv129  | ingress |                                          |       |  |   |   |    |   |   |   |   |   |   |   |   |    |    |   |
|   [15:0]  | ingress |         ig_md.ingress_port[15:0]         |  meta |  |   |   |    |   |   |   |   |   |   |   |   |    |    | R |
|   phv130  | ingress |                                          |       |  |   |   |    |   |   |   |   |   |   |   |   |    |    |   |
|    [8:0]  | ingress | ig_intr_md_for_tm.ucast_egress_port[8:0] | imeta |  |   |   | W  | W | R | ~ | ~ | ~ | ~ | ~ | ~ | ~  | ~  | R |
|   phv131  | ingress |                                          |       |  |   |   |    |   |   |   |   |   |   |   |   |    |    |   |
|   [15:0]  | ingress |           hdr.arp.opcode[15:0]           |  pkt  |  | W | ~ | W  | ~ | ~ | ~ | ~ | ~ | ~ | ~ | ~ | ~  | ~  | R |
|   phv132  | ingress |                                          |       |  |   |   |    |   |   |   |   |   |   |   |   |    |    |   |
|   [15:0]  | ingress |       hdr.ethernet.src_addr[47:32]       |  pkt  |  | W | ~ | RW | W | ~ | ~ | ~ | ~ | ~ | ~ | ~ | ~  | ~  | R |
|   phv133  | ingress |                                          |       |  |   |   |    |   |   |   |   |   |   |   |   |    |    |   |
|   [15:0]  | ingress |       hdr.ethernet.dst_addr[47:32]       |  pkt  |  | W | ~ | W  | W | ~ | ~ | ~ | ~ | ~ | ~ | ~ | ~  | ~  | R |
|   phv134  | ingress |                                          |       |  |   |   |    |   |   |   |   |   |   |   |   |    |    |   |
|   [15:0]  | ingress |         hdr.arp.sha_addr[47:32]          |  pkt  |  | W | ~ | RW | ~ | ~ | ~ | ~ | ~ | ~ | ~ | ~ | ~  | ~  | R |
|   phv135  | ingress |                                          |       |  |   |   |    |   |   |   |   |   |   |   |   |    |    |   |
|   [15:0]  | ingress |         hdr.arp.tha_addr[47:32]          |  pkt  |  | W | ~ | W  | ~ | ~ | ~ | ~ | ~ | ~ | ~ | ~ | ~  | ~  | R |
|   phv136  | ingress |                                          |   SH  |  |   |   |    |   |   |   |   |   |   |   |   |    |    |   |
|   [15:13] | ingress |         hdr.vlan_tag[0].pcp[2:0]         |  pkt  |  | W | ~ | W  | ~ | ~ | ~ | ~ | ~ | ~ | ~ | ~ | ~  | ~  | R |
|   [12:12] | ingress |         hdr.vlan_tag[0].dei[0:0]         |  pkt  |  | W | ~ | W  | ~ | ~ | ~ | ~ | ~ | ~ | ~ | ~ | ~  | ~  | R |
|   [11:0]  | ingress |        hdr.vlan_tag[0].vid[11:0]         |  pkt  |  | W | ~ | W  | ~ | ~ | ~ | ~ | ~ | ~ | ~ | ~ | ~  | ~  | R |
|   phv137  | ingress |                                          |   SH  |  |   |   |    |   |   |   |   |   |   |   |   |    |    |   |
|   [15:13] | ingress |         hdr.vlan_tag[1].pcp[2:0]         |  pkt  |  | W | ~ | W  | ~ | ~ | ~ | ~ | ~ | ~ | ~ | ~ | ~  | ~  | R |
|   [12:12] | ingress |         hdr.vlan_tag[1].dei[0:0]         |  pkt  |  | W | ~ | W  | ~ | ~ | ~ | ~ | ~ | ~ | ~ | ~ | ~  | ~  | R |
|   [11:0]  | ingress |        hdr.vlan_tag[1].vid[11:0]         |  pkt  |  | W | ~ | W  | ~ | ~ | ~ | ~ | ~ | ~ | ~ | ~ | ~  | ~  | R |
|   phv138  | ingress |                                          |       |  |   |   |    |   |   |   |   |   |   |   |   |    |    |   |
|   [15:0]  | ingress |      hdr.ethernet.ether_type[15:0]       |  pkt  |  | W | ~ | W  | W | ~ | ~ | ~ | ~ | ~ | ~ | ~ | ~  | ~  | R |
|   phv139  | ingress |                                          |       |  |   |   |    |   |   |   |   |   |   |   |   |    |    |   |
|   [15:0]  | ingress |     hdr.vlan_tag[0].ether_type[15:0]     |  pkt  |  | W | ~ | W  | ~ | ~ | ~ | ~ | ~ | ~ | ~ | ~ | ~  | ~  | R |
|   phv140  | ingress |                                          |       |  |   |   |    |   |   |   |   |   |   |   |   |    |    |   |
|   [15:0]  | ingress |     hdr.vlan_tag[1].ether_type[15:0]     |  pkt  |  | W | ~ | W  | ~ | ~ | ~ | ~ | ~ | ~ | ~ | ~ | ~  | ~  | R |
|   phv141  |    -    |                                          |       |  |   |   |    |   |   |   |   |   |   |   |   |    |    |   |
|   phv142  |    -    |                                          |       |  |   |   |    |   |   |   |   |   |   |   |   |    |    |   |
|   phv143  |    -    |                                          |       |  |   |   |    |   |   |   |   |   |   |   |   |    |    |   |
|   phv144  |  egress |                                          |       |  |   |   |    |   |   |   |   |   |   |   |   |    |    |   |
|    [8:0]  |  egress |       eg_intr_md.egress_port[8:0]        | imeta |  | W | ~ | ~  | ~ | ~ | ~ | ~ | ~ | ~ | ~ | ~ | ~  | ~  | R |
|   phv145  |    -    |                                          |       |  |   |   |    |   |   |   |   |   |   |   |   |    |    |   |
|   phv146  |    -    |                                          |       |  |   |   |    |   |   |   |   |   |   |   |   |    |    |   |
|   phv147  |    -    |                                          |       |  |   |   |    |   |   |   |   |   |   |   |   |    |    |   |
|   phv148  |    -    |                                          |       |  |   |   |    |   |   |   |   |   |   |   |   |    |    |   |
|   phv149  |    -    |                                          |       |  |   |   |    |   |   |   |   |   |   |   |   |    |    |   |
|   phv150  |    -    |                                          |       |  |   |   |    |   |   |   |   |   |   |   |   |    |    |   |
|   phv151  |    -    |                                          |       |  |   |   |    |   |   |   |   |   |   |   |   |    |    |   |
|   phv152  |    -    |                                          |       |  |   |   |    |   |   |   |   |   |   |   |   |    |    |   |
|   phv153  |    -    |                                          |       |  |   |   |    |   |   |   |   |   |   |   |   |    |    |   |
|   phv154  |    -    |                                          |       |  |   |   |    |   |   |   |   |   |   |   |   |    |    |   |
|   phv155  |    -    |                                          |       |  |   |   |    |   |   |   |   |   |   |   |   |    |    |   |
|   phv156  |    -    |                                          |       |  |   |   |    |   |   |   |   |   |   |   |   |    |    |   |
|   phv157  |    -    |                                          |       |  |   |   |    |   |   |   |   |   |   |   |   |    |    |   |
|   phv158  |    -    |                                          |       |  |   |   |    |   |   |   |   |   |   |   |   |    |    |   |
|   phv159  |    -    |                                          |       |  |   |   |    |   |   |   |   |   |   |   |   |    |    |   |
|   phv160  |    -    |                                          |       |  |   |   |    |   |   |   |   |   |   |   |   |    |    |   |
|   phv161  |    -    |                                          |       |  |   |   |    |   |   |   |   |   |   |   |   |    |    |   |
|   phv162  |    -    |                                          |       |  |   |   |    |   |   |   |   |   |   |   |   |    |    |   |
|   phv163  |    -    |                                          |       |  |   |   |    |   |   |   |   |   |   |   |   |    |    |   |
|   phv164  |    -    |                                          |       |  |   |   |    |   |   |   |   |   |   |   |   |    |    |   |
|   phv165  |    -    |                                          |       |  |   |   |    |   |   |   |   |   |   |   |   |    |    |   |
|   phv166  |    -    |                                          |       |  |   |   |    |   |   |   |   |   |   |   |   |    |    |   |
|   phv167  |    -    |                                          |       |  |   |   |    |   |   |   |   |   |   |   |   |    |    |   |
|   phv168  |    -    |                                          |       |  |   |   |    |   |   |   |   |   |   |   |   |    |    |   |
|   phv169  |    -    |                                          |       |  |   |   |    |   |   |   |   |   |   |   |   |    |    |   |
|   phv170  |    -    |                                          |       |  |   |   |    |   |   |   |   |   |   |   |   |    |    |   |
|   phv171  |    -    |                                          |       |  |   |   |    |   |   |   |   |   |   |   |   |    |    |   |
|   phv172  |    -    |                                          |       |  |   |   |    |   |   |   |   |   |   |   |   |    |    |   |
|   phv173  |    -    |                                          |       |  |   |   |    |   |   |   |   |   |   |   |   |    |    |   |
|   phv174  |    -    |                                          |       |  |   |   |    |   |   |   |   |   |   |   |   |    |    |   |
|   phv175  |    -    |                                          |       |  |   |   |    |   |   |   |   |   |   |   |   |    |    |   |
|   phv176  |    -    |                                          |       |  |   |   |    |   |   |   |   |   |   |   |   |    |    |   |
|   phv177  |    -    |                                          |       |  |   |   |    |   |   |   |   |   |   |   |   |    |    |   |
|   phv178  |    -    |                                          |       |  |   |   |    |   |   |   |   |   |   |   |   |    |    |   |
|   phv179  |    -    |                                          |       |  |   |   |    |   |   |   |   |   |   |   |   |    |    |   |
|   phv180  |    -    |                                          |       |  |   |   |    |   |   |   |   |   |   |   |   |    |    |   |
|   phv181  |    -    |                                          |       |  |   |   |    |   |   |   |   |   |   |   |   |    |    |   |
|   phv182  |    -    |                                          |       |  |   |   |    |   |   |   |   |   |   |   |   |    |    |   |
|   phv183  |    -    |                                          |       |  |   |   |    |   |   |   |   |   |   |   |   |    |    |   |
|   phv184  |    -    |                                          |       |  |   |   |    |   |   |   |   |   |   |   |   |    |    |   |
|   phv185  |    -    |                                          |       |  |   |   |    |   |   |   |   |   |   |   |   |    |    |   |
|   phv186  |    -    |                                          |       |  |   |   |    |   |   |   |   |   |   |   |   |    |    |   |
|   phv187  |    -    |                                          |       |  |   |   |    |   |   |   |   |   |   |   |   |    |    |   |
|   phv188  |    -    |                                          |       |  |   |   |    |   |   |   |   |   |   |   |   |    |    |   |
|   phv189  |    -    |                                          |       |  |   |   |    |   |   |   |   |   |   |   |   |    |    |   |
|   phv190  |    -    |                                          |       |  |   |   |    |   |   |   |   |   |   |   |   |    |    |   |
|   phv191  |    -    |                                          |       |  |   |   |    |   |   |   |   |   |   |   |   |    |    |   |
|   phv192  |    -    |                                          |       |  |   |   |    |   |   |   |   |   |   |   |   |    |    |   |
|   phv193  |    -    |                                          |       |  |   |   |    |   |   |   |   |   |   |   |   |    |    |   |
|   phv194  |    -    |                                          |       |  |   |   |    |   |   |   |   |   |   |   |   |    |    |   |
|   phv195  |    -    |                                          |       |  |   |   |    |   |   |   |   |   |   |   |   |    |    |   |
|   phv196  |    -    |                                          |       |  |   |   |    |   |   |   |   |   |   |   |   |    |    |   |
|   phv197  |    -    |                                          |       |  |   |   |    |   |   |   |   |   |   |   |   |    |    |   |
|   phv198  |    -    |                                          |       |  |   |   |    |   |   |   |   |   |   |   |   |    |    |   |
|   phv199  |    -    |                                          |       |  |   |   |    |   |   |   |   |   |   |   |   |    |    |   |
|   phv200  |    -    |                                          |       |  |   |   |    |   |   |   |   |   |   |   |   |    |    |   |
|   phv201  |    -    |                                          |       |  |   |   |    |   |   |   |   |   |   |   |   |    |    |   |
|   phv202  |    -    |                                          |       |  |   |   |    |   |   |   |   |   |   |   |   |    |    |   |
|   phv203  |    -    |                                          |       |  |   |   |    |   |   |   |   |   |   |   |   |    |    |   |
|   phv204  |    -    |                                          |       |  |   |   |    |   |   |   |   |   |   |   |   |    |    |   |
|   phv205  |    -    |                                          |       |  |   |   |    |   |   |   |   |   |   |   |   |    |    |   |
|   phv206  |    -    |                                          |       |  |   |   |    |   |   |   |   |   |   |   |   |    |    |   |
|   phv207  |    -    |                                          |       |  |   |   |    |   |   |   |   |   |   |   |   |    |    |   |
|   phv208  |    -    |                                          |       |  |   |   |    |   |   |   |   |   |   |   |   |    |    |   |
|   phv209  |    -    |                                          |       |  |   |   |    |   |   |   |   |   |   |   |   |    |    |   |
|   phv210  |    -    |                                          |       |  |   |   |    |   |   |   |   |   |   |   |   |    |    |   |
|   phv211  |    -    |                                          |       |  |   |   |    |   |   |   |   |   |   |   |   |    |    |   |
|   phv212  |    -    |                                          |       |  |   |   |    |   |   |   |   |   |   |   |   |    |    |   |
|   phv213  |    -    |                                          |       |  |   |   |    |   |   |   |   |   |   |   |   |    |    |   |
|   phv214  |    -    |                                          |       |  |   |   |    |   |   |   |   |   |   |   |   |    |    |   |
|   phv215  |    -    |                                          |       |  |   |   |    |   |   |   |   |   |   |   |   |    |    |   |
|   phv216  |    -    |                                          |       |  |   |   |    |   |   |   |   |   |   |   |   |    |    |   |
|   phv217  |    -    |                                          |       |  |   |   |    |   |   |   |   |   |   |   |   |    |    |   |
|   phv218  |    -    |                                          |       |  |   |   |    |   |   |   |   |   |   |   |   |    |    |   |
|   phv219  |    -    |                                          |       |  |   |   |    |   |   |   |   |   |   |   |   |    |    |   |
|   phv220  |    -    |                                          |       |  |   |   |    |   |   |   |   |   |   |   |   |    |    |   |
|   phv221  |    -    |                                          |       |  |   |   |    |   |   |   |   |   |   |   |   |    |    |   |
|   phv222  |    -    |                                          |       |  |   |   |    |   |   |   |   |   |   |   |   |    |    |   |
|   phv223  |    -    |                                          |       |  |   |   |    |   |   |   |   |   |   |   |   |    |    |   |
|   phv224  |    -    |                                          |       |  |   |   |    |   |   |   |   |   |   |   |   |    |    |   |
|   phv225  |    -    |                                          |       |  |   |   |    |   |   |   |   |   |   |   |   |    |    |   |
|   phv226  |    -    |                                          |       |  |   |   |    |   |   |   |   |   |   |   |   |    |    |   |
|   phv227  |    -    |                                          |       |  |   |   |    |   |   |   |   |   |   |   |   |    |    |   |
|   phv228  |    -    |                                          |       |  |   |   |    |   |   |   |   |   |   |   |   |    |    |   |
|   phv229  |    -    |                                          |       |  |   |   |    |   |   |   |   |   |   |   |   |    |    |   |
|   phv230  |    -    |                                          |       |  |   |   |    |   |   |   |   |   |   |   |   |    |    |   |
|   phv231  |    -    |                                          |       |  |   |   |    |   |   |   |   |   |   |   |   |    |    |   |
|   phv232  |    -    |                                          |       |  |   |   |    |   |   |   |   |   |   |   |   |    |    |   |
|   phv233  |    -    |                                          |       |  |   |   |    |   |   |   |   |   |   |   |   |    |    |   |
|   phv234  |    -    |                                          |       |  |   |   |    |   |   |   |   |   |   |   |   |    |    |   |
|   phv235  |    -    |                                          |       |  |   |   |    |   |   |   |   |   |   |   |   |    |    |   |
|   phv236  |    -    |                                          |       |  |   |   |    |   |   |   |   |   |   |   |   |    |    |   |
|   phv237  |    -    |                                          |       |  |   |   |    |   |   |   |   |   |   |   |   |    |    |   |
|   phv238  |    -    |                                          |       |  |   |   |    |   |   |   |   |   |   |   |   |    |    |   |
|   phv239  |    -    |                                          |       |  |   |   |    |   |   |   |   |   |   |   |   |    |    |   |
|   phv240  |    -    |                                          |       |  |   |   |    |   |   |   |   |   |   |   |   |    |    |   |
|   phv241  |    -    |                                          |       |  |   |   |    |   |   |   |   |   |   |   |   |    |    |   |
|   phv242  |    -    |                                          |       |  |   |   |    |   |   |   |   |   |   |   |   |    |    |   |
|   phv243  |    -    |                                          |       |  |   |   |    |   |   |   |   |   |   |   |   |    |    |   |
|   phv244  |    -    |                                          |       |  |   |   |    |   |   |   |   |   |   |   |   |    |    |   |
|   phv245  |    -    |                                          |       |  |   |   |    |   |   |   |   |   |   |   |   |    |    |   |
|   phv246  |    -    |                                          |       |  |   |   |    |   |   |   |   |   |   |   |   |    |    |   |
|   phv247  |    -    |                                          |       |  |   |   |    |   |   |   |   |   |   |   |   |    |    |   |
|   phv248  |    -    |                                          |       |  |   |   |    |   |   |   |   |   |   |   |   |    |    |   |
|   phv249  |    -    |                                          |       |  |   |   |    |   |   |   |   |   |   |   |   |    |    |   |
|   phv250  |    -    |                                          |       |  |   |   |    |   |   |   |   |   |   |   |   |    |    |   |
|   phv251  |    -    |                                          |       |  |   |   |    |   |   |   |   |   |   |   |   |    |    |   |
|   phv252  |    -    |                                          |       |  |   |   |    |   |   |   |   |   |   |   |   |    |    |   |
|   phv253  |    -    |                                          |       |  |   |   |    |   |   |   |   |   |   |   |   |    |    |   |
|   phv254  |    -    |                                          |       |  |   |   |    |   |   |   |   |   |   |   |   |    |    |   |
|   phv255  |    -    |                                          |       |  |   |   |    |   |   |   |   |   |   |   |   |    |    |   |
|           |         |                                          |       |  |   |   |    |   |   |   |   |   |   |   |   |    |    |   |
|   phv256  | ingress |                                          | OL,SH |  |   |   |    |   |   |   |   |   |   |   |   |    |    |   |
|   [31:28] | ingress |          hdr.ipv4.version[3:0]           |  pkt  |  | W | ~ | ~  | ~ | ~ | ~ | ~ | ~ | ~ | ~ | ~ | ~  | ~  | R |
|   [31:16] | ingress |          hdr.arp.hw_type[15:0]           |  pkt  |  | W | ~ | ~  | ~ | ~ | ~ | ~ | ~ | ~ | ~ | ~ | ~  | ~  | R |
|   [27:24] | ingress |            hdr.ipv4.ihl[3:0]             |  pkt  |  | W | ~ | ~  | ~ | ~ | ~ | ~ | ~ | ~ | ~ | ~ | ~  | ~  | R |
|   [23:16] | ingress |          hdr.ipv4.diffserv[7:0]          |  pkt  |  | W | ~ | ~  | ~ | ~ | ~ | ~ | ~ | ~ | ~ | ~ | ~  | ~  | R |
|   [15:0]  | ingress |         hdr.ipv4.total_len[15:0]         |  pkt  |  | W | ~ | ~  | ~ | ~ | ~ | ~ | ~ | ~ | ~ | ~ | ~  | ~  | R |
|   [15:0]  | ingress |         hdr.arp.proto_type[15:0]         |  pkt  |  | W | ~ | ~  | ~ | ~ | ~ | ~ | ~ | ~ | ~ | ~ | ~  | ~  | R |
|   phv257  | ingress |                                          |   SH  |  |   |   |    |   |   |   |   |   |   |   |   |    |    |   |
|   [31:24] | ingress |            hdr.ipv4.ttl[7:0]             |  pkt  |  | W | ~ | ~  | ~ | ~ | ~ | ~ | ~ | ~ | ~ | ~ | ~  | ~  | R |
|   [23:16] | ingress |          hdr.ipv4.protocol[7:0]          |  pkt  |  | W | ~ | ~  | ~ | ~ | ~ | ~ | ~ | ~ | ~ | ~ | ~  | ~  | R |
|   [15:0]  | ingress |       hdr.ipv4.hdr_checksum[15:0]        |  pkt  |  | W | ~ | ~  | ~ | ~ | ~ | ~ | ~ | ~ | ~ | ~ | ~  | ~  | R |
|   phv258  | ingress |                                          |   SH  |  |   |   |    |   |   |   |   |   |   |   |   |    |    |   |
|   [31:16] | ingress |      hdr.ipv4.identification[15:0]       |  pkt  |  | W | ~ | ~  | ~ | ~ | ~ | ~ | ~ | ~ | ~ | ~ | ~  | ~  | R |
|   [15:13] | ingress |           hdr.ipv4.flags[2:0]            |  pkt  |  | W | ~ | ~  | ~ | ~ | ~ | ~ | ~ | ~ | ~ | ~ | ~  | ~  | R |
|   [12:0]  | ingress |        hdr.ipv4.frag_offset[12:0]        |  pkt  |  | W | ~ | ~  | ~ | ~ | ~ | ~ | ~ | ~ | ~ | ~ | ~  | ~  | R |
|   phv259  |    -    |                                          |       |  |   |   |    |   |   |   |   |   |   |   |   |    |    |   |
|   phv260  |    -    |                                          |       |  |   |   |    |   |   |   |   |   |   |   |   |    |    |   |
|   phv261  |    -    |                                          |       |  |   |   |    |   |   |   |   |   |   |   |   |    |    |   |
|   phv262  |    -    |                                          |       |  |   |   |    |   |   |   |   |   |   |   |   |    |    |   |
|   phv263  |    -    |                                          |       |  |   |   |    |   |   |   |   |   |   |   |   |    |    |   |
|   phv264  |    -    |                                          |       |  |   |   |    |   |   |   |   |   |   |   |   |    |    |   |
|   phv265  |    -    |                                          |       |  |   |   |    |   |   |   |   |   |   |   |   |    |    |   |
|   phv266  |    -    |                                          |       |  |   |   |    |   |   |   |   |   |   |   |   |    |    |   |
|   phv267  |    -    |                                          |       |  |   |   |    |   |   |   |   |   |   |   |   |    |    |   |
|   phv268  |    -    |                                          |       |  |   |   |    |   |   |   |   |   |   |   |   |    |    |   |
|   phv269  |    -    |                                          |       |  |   |   |    |   |   |   |   |   |   |   |   |    |    |   |
|   phv270  |    -    |                                          |       |  |   |   |    |   |   |   |   |   |   |   |   |    |    |   |
|   phv271  |    -    |                                          |       |  |   |   |    |   |   |   |   |   |   |   |   |    |    |   |
|   phv272  |    -    |                                          |       |  |   |   |    |   |   |   |   |   |   |   |   |    |    |   |
|   phv273  |    -    |                                          |       |  |   |   |    |   |   |   |   |   |   |   |   |    |    |   |
|   phv274  |    -    |                                          |       |  |   |   |    |   |   |   |   |   |   |   |   |    |    |   |
|   phv275  |    -    |                                          |       |  |   |   |    |   |   |   |   |   |   |   |   |    |    |   |
|   phv276  |    -    |                                          |       |  |   |   |    |   |   |   |   |   |   |   |   |    |    |   |
|   phv277  |    -    |                                          |       |  |   |   |    |   |   |   |   |   |   |   |   |    |    |   |
|   phv278  |    -    |                                          |       |  |   |   |    |   |   |   |   |   |   |   |   |    |    |   |
|   phv279  |    -    |                                          |       |  |   |   |    |   |   |   |   |   |   |   |   |    |    |   |
|   phv280  |    -    |                                          |       |  |   |   |    |   |   |   |   |   |   |   |   |    |    |   |
|   phv281  |    -    |                                          |       |  |   |   |    |   |   |   |   |   |   |   |   |    |    |   |
|   phv282  |    -    |                                          |       |  |   |   |    |   |   |   |   |   |   |   |   |    |    |   |
|   phv283  |    -    |                                          |       |  |   |   |    |   |   |   |   |   |   |   |   |    |    |   |
|   phv284  |    -    |                                          |       |  |   |   |    |   |   |   |   |   |   |   |   |    |    |   |
|   phv285  |    -    |                                          |       |  |   |   |    |   |   |   |   |   |   |   |   |    |    |   |
|   phv286  |    -    |                                          |       |  |   |   |    |   |   |   |   |   |   |   |   |    |    |   |
|   phv287  |    -    |                                          |       |  |   |   |    |   |   |   |   |   |   |   |   |    |    |   |
|           |         |                                          |       |  |   |   |    |   |   |   |   |   |   |   |   |    |    |   |
|   phv288  |    -    |                                          |       |  |   |   |    |   |   |   |   |   |   |   |   |    |    |   |
|   phv289  |    -    |                                          |       |  |   |   |    |   |   |   |   |   |   |   |   |    |    |   |
|   phv290  |    -    |                                          |       |  |   |   |    |   |   |   |   |   |   |   |   |    |    |   |
|   phv291  |    -    |                                          |       |  |   |   |    |   |   |   |   |   |   |   |   |    |    |   |
|   phv292  |    -    |                                          |       |  |   |   |    |   |   |   |   |   |   |   |   |    |    |   |
|   phv293  |    -    |                                          |       |  |   |   |    |   |   |   |   |   |   |   |   |    |    |   |
|   phv294  |    -    |                                          |       |  |   |   |    |   |   |   |   |   |   |   |   |    |    |   |
|   phv295  |    -    |                                          |       |  |   |   |    |   |   |   |   |   |   |   |   |    |    |   |
|   phv296  |    -    |                                          |       |  |   |   |    |   |   |   |   |   |   |   |   |    |    |   |
|   phv297  |    -    |                                          |       |  |   |   |    |   |   |   |   |   |   |   |   |    |    |   |
|   phv298  |    -    |                                          |       |  |   |   |    |   |   |   |   |   |   |   |   |    |    |   |
|   phv299  |    -    |                                          |       |  |   |   |    |   |   |   |   |   |   |   |   |    |    |   |
|   phv300  |    -    |                                          |       |  |   |   |    |   |   |   |   |   |   |   |   |    |    |   |
|   phv301  |    -    |                                          |       |  |   |   |    |   |   |   |   |   |   |   |   |    |    |   |
|   phv302  |    -    |                                          |       |  |   |   |    |   |   |   |   |   |   |   |   |    |    |   |
|   phv303  |    -    |                                          |       |  |   |   |    |   |   |   |   |   |   |   |   |    |    |   |
|   phv304  |    -    |                                          |       |  |   |   |    |   |   |   |   |   |   |   |   |    |    |   |
|   phv305  |    -    |                                          |       |  |   |   |    |   |   |   |   |   |   |   |   |    |    |   |
|   phv306  |    -    |                                          |       |  |   |   |    |   |   |   |   |   |   |   |   |    |    |   |
|   phv307  |    -    |                                          |       |  |   |   |    |   |   |   |   |   |   |   |   |    |    |   |
|   phv308  |    -    |                                          |       |  |   |   |    |   |   |   |   |   |   |   |   |    |    |   |
|   phv309  |    -    |                                          |       |  |   |   |    |   |   |   |   |   |   |   |   |    |    |   |
|   phv310  |    -    |                                          |       |  |   |   |    |   |   |   |   |   |   |   |   |    |    |   |
|   phv311  |    -    |                                          |       |  |   |   |    |   |   |   |   |   |   |   |   |    |    |   |
|   phv312  |    -    |                                          |       |  |   |   |    |   |   |   |   |   |   |   |   |    |    |   |
|   phv313  |    -    |                                          |       |  |   |   |    |   |   |   |   |   |   |   |   |    |    |   |
|   phv314  |    -    |                                          |       |  |   |   |    |   |   |   |   |   |   |   |   |    |    |   |
|   phv315  |    -    |                                          |       |  |   |   |    |   |   |   |   |   |   |   |   |    |    |   |
|   phv316  |    -    |                                          |       |  |   |   |    |   |   |   |   |   |   |   |   |    |    |   |
|   phv317  |    -    |                                          |       |  |   |   |    |   |   |   |   |   |   |   |   |    |    |   |
|   phv318  |    -    |                                          |       |  |   |   |    |   |   |   |   |   |   |   |   |    |    |   |
|   phv319  |    -    |                                          |       |  |   |   |    |   |   |   |   |   |   |   |   |    |    |   |
|           |         |                                          |       |  |   |   |    |   |   |   |   |   |   |   |   |    |    |   |
|   phv320  | ingress |                                          |   SH  |  |   |   |    |   |   |   |   |   |   |   |   |    |    |   |
|   [15:8]  | ingress |         hdr.arp.hw_addr_len[7:0]         |  pkt  |  | W | ~ | ~  | ~ | ~ | ~ | ~ | ~ | ~ | ~ | ~ | ~  | ~  | R |
|    [7:0]  | ingress |       hdr.arp.proto_addr_len[7:0]        |  pkt  |  | W | ~ | ~  | ~ | ~ | ~ | ~ | ~ | ~ | ~ | ~ | ~  | ~  | R |
|   phv321  |    -    |                                          |       |  |   |   |    |   |   |   |   |   |   |   |   |    |    |   |
|   phv322  |    -    |                                          |       |  |   |   |    |   |   |   |   |   |   |   |   |    |    |   |
|   phv323  |    -    |                                          |       |  |   |   |    |   |   |   |   |   |   |   |   |    |    |   |
|   phv324  |    -    |                                          |       |  |   |   |    |   |   |   |   |   |   |   |   |    |    |   |
|   phv325  |    -    |                                          |       |  |   |   |    |   |   |   |   |   |   |   |   |    |    |   |
|   phv326  |    -    |                                          |       |  |   |   |    |   |   |   |   |   |   |   |   |    |    |   |
|   phv327  |    -    |                                          |       |  |   |   |    |   |   |   |   |   |   |   |   |    |    |   |
|   phv328  |    -    |                                          |       |  |   |   |    |   |   |   |   |   |   |   |   |    |    |   |
|   phv329  |    -    |                                          |       |  |   |   |    |   |   |   |   |   |   |   |   |    |    |   |
|   phv330  |    -    |                                          |       |  |   |   |    |   |   |   |   |   |   |   |   |    |    |   |
|   phv331  |    -    |                                          |       |  |   |   |    |   |   |   |   |   |   |   |   |    |    |   |
|   phv332  |    -    |                                          |       |  |   |   |    |   |   |   |   |   |   |   |   |    |    |   |
|   phv333  |    -    |                                          |       |  |   |   |    |   |   |   |   |   |   |   |   |    |    |   |
|   phv334  |    -    |                                          |       |  |   |   |    |   |   |   |   |   |   |   |   |    |    |   |
|   phv335  |    -    |                                          |       |  |   |   |    |   |   |   |   |   |   |   |   |    |    |   |
|   phv336  |    -    |                                          |       |  |   |   |    |   |   |   |   |   |   |   |   |    |    |   |
|   phv337  |    -    |                                          |       |  |   |   |    |   |   |   |   |   |   |   |   |    |    |   |
|   phv338  |    -    |                                          |       |  |   |   |    |   |   |   |   |   |   |   |   |    |    |   |
|   phv339  |    -    |                                          |       |  |   |   |    |   |   |   |   |   |   |   |   |    |    |   |
|   phv340  |    -    |                                          |       |  |   |   |    |   |   |   |   |   |   |   |   |    |    |   |
|   phv341  |    -    |                                          |       |  |   |   |    |   |   |   |   |   |   |   |   |    |    |   |
|   phv342  |    -    |                                          |       |  |   |   |    |   |   |   |   |   |   |   |   |    |    |   |
|   phv343  |    -    |                                          |       |  |   |   |    |   |   |   |   |   |   |   |   |    |    |   |
|   phv344  |    -    |                                          |       |  |   |   |    |   |   |   |   |   |   |   |   |    |    |   |
|   phv345  |    -    |                                          |       |  |   |   |    |   |   |   |   |   |   |   |   |    |    |   |
|   phv346  |    -    |                                          |       |  |   |   |    |   |   |   |   |   |   |   |   |    |    |   |
|   phv347  |    -    |                                          |       |  |   |   |    |   |   |   |   |   |   |   |   |    |    |   |
|   phv348  |    -    |                                          |       |  |   |   |    |   |   |   |   |   |   |   |   |    |    |   |
|   phv349  |    -    |                                          |       |  |   |   |    |   |   |   |   |   |   |   |   |    |    |   |
|   phv350  |    -    |                                          |       |  |   |   |    |   |   |   |   |   |   |   |   |    |    |   |
|   phv351  |    -    |                                          |       |  |   |   |    |   |   |   |   |   |   |   |   |    |    |   |
|   phv352  |    -    |                                          |       |  |   |   |    |   |   |   |   |   |   |   |   |    |    |   |
|   phv353  |    -    |                                          |       |  |   |   |    |   |   |   |   |   |   |   |   |    |    |   |
|   phv354  |    -    |                                          |       |  |   |   |    |   |   |   |   |   |   |   |   |    |    |   |
|   phv355  |    -    |                                          |       |  |   |   |    |   |   |   |   |   |   |   |   |    |    |   |
|   phv356  |    -    |                                          |       |  |   |   |    |   |   |   |   |   |   |   |   |    |    |   |
|   phv357  |    -    |                                          |       |  |   |   |    |   |   |   |   |   |   |   |   |    |    |   |
|   phv358  |    -    |                                          |       |  |   |   |    |   |   |   |   |   |   |   |   |    |    |   |
|   phv359  |    -    |                                          |       |  |   |   |    |   |   |   |   |   |   |   |   |    |    |   |
|   phv360  |    -    |                                          |       |  |   |   |    |   |   |   |   |   |   |   |   |    |    |   |
|   phv361  |    -    |                                          |       |  |   |   |    |   |   |   |   |   |   |   |   |    |    |   |
|   phv362  |    -    |                                          |       |  |   |   |    |   |   |   |   |   |   |   |   |    |    |   |
|   phv363  |    -    |                                          |       |  |   |   |    |   |   |   |   |   |   |   |   |    |    |   |
|   phv364  |    -    |                                          |       |  |   |   |    |   |   |   |   |   |   |   |   |    |    |   |
|   phv365  |    -    |                                          |       |  |   |   |    |   |   |   |   |   |   |   |   |    |    |   |
|   phv366  |    -    |                                          |       |  |   |   |    |   |   |   |   |   |   |   |   |    |    |   |
|   phv367  |    -    |                                          |       |  |   |   |    |   |   |   |   |   |   |   |   |    |    |   |
-----------------------------------------------------------------------------------------------------------------------------------------


Containers used: 28
Containers with data overlayed: 5  (17.86%)
Containers shared: 11  (39.29%)

------------------------
  Legend:
------------------------
   P:     Parsed
   D:     Deparsed
   OL:    Overlay
   SH:    Shared
   pkt:   Packet data
   meta:  Metadata
   imeta: Intrinsic Metadata
   pov:   Packet Occupancy Vector bit
   R:     Read
   W:     Write
   ~:     Field is live


---------------------------------------------------------------------------------------------------------------------------------------
| Direction | Location | Fields Live | Bits Live | Header Fields Live | Header Bits Live | Metadata Fields Live | Metadata Bits Live |
---------------------------------------------------------------------------------------------------------------------------------------
|  ingress  |  Parser  | 37 (82.22%) |    574    |    32 (100.00%)    |       560        |      5 (38.46%)      |         14         |
|  ingress  | Stage 0  | 38 (84.44%) |    583    |    32 (100.00%)    |       560        |      6 (46.15%)      |         23         |
|  ingress  | Stage 1  | 40 (88.89%) |    617    |    32 (100.00%)    |       560        |      8 (61.54%)      |         57         |
|  ingress  | Stage 2  | 37 (82.22%) |    575    |    32 (100.00%)    |       560        |      5 (38.46%)      |         15         |
|  ingress  | Stage 3  | 37 (82.22%) |    575    |    32 (100.00%)    |       560        |      5 (38.46%)      |         15         |
|  ingress  | Stage 4  | 37 (82.22%) |    575    |    32 (100.00%)    |       560        |      5 (38.46%)      |         15         |
|  ingress  | Stage 5  | 37 (82.22%) |    575    |    32 (100.00%)    |       560        |      5 (38.46%)      |         15         |
|  ingress  | Stage 6  | 37 (82.22%) |    575    |    32 (100.00%)    |       560        |      5 (38.46%)      |         15         |
|  ingress  | Stage 7  | 37 (82.22%) |    575    |    32 (100.00%)    |       560        |      5 (38.46%)      |         15         |
|  ingress  | Stage 8  | 37 (82.22%) |    575    |    32 (100.00%)    |       560        |      5 (38.46%)      |         15         |
|  ingress  | Stage 9  | 37 (82.22%) |    575    |    32 (100.00%)    |       560        |      5 (38.46%)      |         15         |
|  ingress  | Stage 10 | 37 (82.22%) |    575    |    32 (100.00%)    |       560        |      5 (38.46%)      |         15         |
|  ingress  | Stage 11 | 37 (82.22%) |    575    |    32 (100.00%)    |       560        |      5 (38.46%)      |         15         |
|  ingress  | Deparser | 40 (88.89%) |    593    |    32 (100.00%)    |       560        |      8 (61.54%)      |         33         |
|           |          |             |           |                    |                  |                      |                    |
|   egress  |  Parser  | 1 (100.00%) |     9     |     0 (0.00%)      |        0         |     1 (100.00%)      |         9          |
|   egress  | Stage 0  | 1 (100.00%) |     9     |     0 (0.00%)      |        0         |     1 (100.00%)      |         9          |
|   egress  | Stage 1  | 1 (100.00%) |     9     |     0 (0.00%)      |        0         |     1 (100.00%)      |         9          |
|   egress  | Stage 2  | 1 (100.00%) |     9     |     0 (0.00%)      |        0         |     1 (100.00%)      |         9          |
|   egress  | Stage 3  | 1 (100.00%) |     9     |     0 (0.00%)      |        0         |     1 (100.00%)      |         9          |
|   egress  | Stage 4  | 1 (100.00%) |     9     |     0 (0.00%)      |        0         |     1 (100.00%)      |         9          |
|   egress  | Stage 5  | 1 (100.00%) |     9     |     0 (0.00%)      |        0         |     1 (100.00%)      |         9          |
|   egress  | Stage 6  | 1 (100.00%) |     9     |     0 (0.00%)      |        0         |     1 (100.00%)      |         9          |
|   egress  | Stage 7  | 1 (100.00%) |     9     |     0 (0.00%)      |        0         |     1 (100.00%)      |         9          |
|   egress  | Stage 8  | 1 (100.00%) |     9     |     0 (0.00%)      |        0         |     1 (100.00%)      |         9          |
|   egress  | Stage 9  | 1 (100.00%) |     9     |     0 (0.00%)      |        0         |     1 (100.00%)      |         9          |
|   egress  | Stage 10 | 1 (100.00%) |     9     |     0 (0.00%)      |        0         |     1 (100.00%)      |         9          |
|   egress  | Stage 11 | 1 (100.00%) |     9     |     0 (0.00%)      |        0         |     1 (100.00%)      |         9          |
|   egress  | Deparser | 1 (100.00%) |     9     |     0 (0.00%)      |        0         |     1 (100.00%)      |         9          |
---------------------------------------------------------------------------------------------------------------------------------------




------------------------------------------------------------------------------------------------------------------------------------------------------------------------------------------------------------------------------
| Direction | Container |    Parser   |   Stage 0   |   Stage 1   |   Stage 2   |   Stage 3   |   Stage 4   |   Stage 5   |   Stage 6   |   Stage 7   |   Stage 8   |   Stage 9   |   Stage 10  |   Stage 11  |   Deparser  |
------------------------------------------------------------------------------------------------------------------------------------------------------------------------------------------------------------------------------
|  ingress  |    phv0   | 1 (32 bits) | 1 (32 bits) | 1 (32 bits) | 1 (32 bits) | 1 (32 bits) | 1 (32 bits) | 1 (32 bits) | 1 (32 bits) | 1 (32 bits) | 1 (32 bits) | 1 (32 bits) | 1 (32 bits) | 1 (32 bits) | 1 (32 bits) |
|  ingress  |    phv1   | 1 (32 bits) | 1 (32 bits) | 1 (32 bits) | 1 (32 bits) | 1 (32 bits) | 1 (32 bits) | 1 (32 bits) | 1 (32 bits) | 1 (32 bits) | 1 (32 bits) | 1 (32 bits) | 1 (32 bits) | 1 (32 bits) | 1 (32 bits) |
|  ingress  |    phv2   | 2 (32 bits) | 2 (32 bits) | 2 (32 bits) | 2 (32 bits) | 2 (32 bits) | 2 (32 bits) | 2 (32 bits) | 2 (32 bits) | 2 (32 bits) | 2 (32 bits) | 2 (32 bits) | 2 (32 bits) | 2 (32 bits) | 2 (32 bits) |
|  ingress  |    phv3   | 2 (32 bits) | 2 (32 bits) | 2 (32 bits) | 2 (32 bits) | 2 (32 bits) | 2 (32 bits) | 2 (32 bits) | 2 (32 bits) | 2 (32 bits) | 2 (32 bits) | 2 (32 bits) | 2 (32 bits) | 2 (32 bits) | 2 (32 bits) |
|  ingress  |    phv4   |      -      |      -      | 2 (32 bits) |      -      |      -      |      -      |      -      |      -      |      -      |      -      |      -      |      -      |      -      |      -      |
|  ingress  |    phv5   | 1 (32 bits) | 1 (32 bits) | 1 (32 bits) | 1 (32 bits) | 1 (32 bits) | 1 (32 bits) | 1 (32 bits) | 1 (32 bits) | 1 (32 bits) | 1 (32 bits) | 1 (32 bits) | 1 (32 bits) | 1 (32 bits) | 1 (32 bits) |
|  ingress  |    phv6   | 1 (32 bits) | 1 (32 bits) | 1 (32 bits) | 1 (32 bits) | 1 (32 bits) | 1 (32 bits) | 1 (32 bits) | 1 (32 bits) | 1 (32 bits) | 1 (32 bits) | 1 (32 bits) | 1 (32 bits) | 1 (32 bits) | 1 (32 bits) |
|           |           |             |             |             |             |             |             |             |             |             |             |             |             |             |             |
|  ingress  |   phv64   |      -      |  1 (3 bits) |  1 (3 bits) |  1 (3 bits) |  1 (3 bits) |  1 (3 bits) |  1 (3 bits) |  1 (3 bits) |  1 (3 bits) |  1 (3 bits) |  1 (3 bits) |  1 (3 bits) |  1 (3 bits) |  1 (3 bits) |
|  ingress  |   phv65   |  1 (2 bits) |  1 (6 bits) |      -      |      -      |      -      |      -      |      -      |      -      |      -      |      -      |      -      |      -      |      -      |  2 (2 bits) |
|  ingress  |   phv66   |  3 (3 bits) |  4 (5 bits) |  3 (3 bits) |  3 (3 bits) |  3 (3 bits) |  3 (3 bits) |  3 (3 bits) |  3 (3 bits) |  3 (3 bits) |  3 (3 bits) |  3 (3 bits) |  3 (3 bits) |  3 (3 bits) |  3 (3 bits) |
|           |           |             |             |             |             |             |             |             |             |             |             |             |             |             |             |
|  ingress  |   phv128  |  1 (9 bits) |  1 (9 bits) |  1 (9 bits) |      -      |      -      |      -      |      -      |      -      |      -      |      -      |      -      |      -      |      -      |      -      |
|  ingress  |   phv129  |      -      |      -      |      -      |      -      |      -      |      -      |      -      |      -      |      -      |      -      |      -      |      -      |      -      | 1 (16 bits) |
|  ingress  |   phv130  |      -      |      -      |  1 (9 bits) |  1 (9 bits) |  1 (9 bits) |  1 (9 bits) |  1 (9 bits) |  1 (9 bits) |  1 (9 bits) |  1 (9 bits) |  1 (9 bits) |  1 (9 bits) |  1 (9 bits) |  1 (9 bits) |
|  ingress  |   phv131  | 1 (16 bits) | 1 (16 bits) | 1 (16 bits) | 1 (16 bits) | 1 (16 bits) | 1 (16 bits) | 1 (16 bits) | 1 (16 bits) | 1 (16 bits) | 1 (16 bits) | 1 (16 bits) | 1 (16 bits) | 1 (16 bits) | 1 (16 bits) |
|  ingress  |   phv132  | 1 (16 bits) | 1 (16 bits) | 1 (16 bits) | 1 (16 bits) | 1 (16 bits) | 1 (16 bits) | 1 (16 bits) | 1 (16 bits) | 1 (16 bits) | 1 (16 bits) | 1 (16 bits) | 1 (16 bits) | 1 (16 bits) | 1 (16 bits) |
|  ingress  |   phv133  | 1 (16 bits) | 1 (16 bits) | 1 (16 bits) | 1 (16 bits) | 1 (16 bits) | 1 (16 bits) | 1 (16 bits) | 1 (16 bits) | 1 (16 bits) | 1 (16 bits) | 1 (16 bits) | 1 (16 bits) | 1 (16 bits) | 1 (16 bits) |
|  ingress  |   phv134  | 1 (16 bits) | 1 (16 bits) | 1 (16 bits) | 1 (16 bits) | 1 (16 bits) | 1 (16 bits) | 1 (16 bits) | 1 (16 bits) | 1 (16 bits) | 1 (16 bits) | 1 (16 bits) | 1 (16 bits) | 1 (16 bits) | 1 (16 bits) |
|  ingress  |   phv135  | 1 (16 bits) | 1 (16 bits) | 1 (16 bits) | 1 (16 bits) | 1 (16 bits) | 1 (16 bits) | 1 (16 bits) | 1 (16 bits) | 1 (16 bits) | 1 (16 bits) | 1 (16 bits) | 1 (16 bits) | 1 (16 bits) | 1 (16 bits) |
|  ingress  |   phv136  | 3 (16 bits) | 3 (16 bits) | 3 (16 bits) | 3 (16 bits) | 3 (16 bits) | 3 (16 bits) | 3 (16 bits) | 3 (16 bits) | 3 (16 bits) | 3 (16 bits) | 3 (16 bits) | 3 (16 bits) | 3 (16 bits) | 3 (16 bits) |
|  ingress  |   phv137  | 3 (16 bits) | 3 (16 bits) | 3 (16 bits) | 3 (16 bits) | 3 (16 bits) | 3 (16 bits) | 3 (16 bits) | 3 (16 bits) | 3 (16 bits) | 3 (16 bits) | 3 (16 bits) | 3 (16 bits) | 3 (16 bits) | 3 (16 bits) |
|  ingress  |   phv138  | 1 (16 bits) | 1 (16 bits) | 1 (16 bits) | 1 (16 bits) | 1 (16 bits) | 1 (16 bits) | 1 (16 bits) | 1 (16 bits) | 1 (16 bits) | 1 (16 bits) | 1 (16 bits) | 1 (16 bits) | 1 (16 bits) | 1 (16 bits) |
|  ingress  |   phv139  | 1 (16 bits) | 1 (16 bits) | 1 (16 bits) | 1 (16 bits) | 1 (16 bits) | 1 (16 bits) | 1 (16 bits) | 1 (16 bits) | 1 (16 bits) | 1 (16 bits) | 1 (16 bits) | 1 (16 bits) | 1 (16 bits) | 1 (16 bits) |
|  ingress  |   phv140  | 1 (16 bits) | 1 (16 bits) | 1 (16 bits) | 1 (16 bits) | 1 (16 bits) | 1 (16 bits) | 1 (16 bits) | 1 (16 bits) | 1 (16 bits) | 1 (16 bits) | 1 (16 bits) | 1 (16 bits) | 1 (16 bits) | 1 (16 bits) |
|   egress  |   phv144  |  1 (9 bits) |  1 (9 bits) |  1 (9 bits) |  1 (9 bits) |  1 (9 bits) |  1 (9 bits) |  1 (9 bits) |  1 (9 bits) |  1 (9 bits) |  1 (9 bits) |  1 (9 bits) |  1 (9 bits) |  1 (9 bits) |  1 (9 bits) |
|           |           |             |             |             |             |             |             |             |             |             |             |             |             |             |             |
|  ingress  |   phv256  | 6 (32 bits) | 6 (32 bits) | 6 (32 bits) | 6 (32 bits) | 6 (32 bits) | 6 (32 bits) | 6 (32 bits) | 6 (32 bits) | 6 (32 bits) | 6 (32 bits) | 6 (32 bits) | 6 (32 bits) | 6 (32 bits) | 6 (32 bits) |
|  ingress  |   phv257  | 3 (32 bits) | 3 (32 bits) | 3 (32 bits) | 3 (32 bits) | 3 (32 bits) | 3 (32 bits) | 3 (32 bits) | 3 (32 bits) | 3 (32 bits) | 3 (32 bits) | 3 (32 bits) | 3 (32 bits) | 3 (32 bits) | 3 (32 bits) |
|  ingress  |   phv258  | 3 (32 bits) | 3 (32 bits) | 3 (32 bits) | 3 (32 bits) | 3 (32 bits) | 3 (32 bits) | 3 (32 bits) | 3 (32 bits) | 3 (32 bits) | 3 (32 bits) | 3 (32 bits) | 3 (32 bits) | 3 (32 bits) | 3 (32 bits) |
|           |           |             |             |             |             |             |             |             |             |             |             |             |             |             |             |
|  ingress  |   phv320  | 2 (16 bits) | 2 (16 bits) | 2 (16 bits) | 2 (16 bits) | 2 (16 bits) | 2 (16 bits) | 2 (16 bits) | 2 (16 bits) | 2 (16 bits) | 2 (16 bits) | 2 (16 bits) | 2 (16 bits) | 2 (16 bits) | 2 (16 bits) |
------------------------------------------------------------------------------------------------------------------------------------------------------------------------------------------------------------------------------

