Parser Characterization Report:
Number of states on ingress: 9

Number of matches on ingress: 23

Longest path (7 states) on ingress:
    $entry_point
    start
    TofinoIngressParser_parse_port_metadata
    parse_vlan
    parse_vlan.$it1
    parse_ipv4
    parse_ipv4.$split_0

Timing is met for min-sized packet (73 B) running at 100 Gbps

Extractor usage:
+-----------------------------------------+------------+-------+--------+--------+------------------+-------+
|State                                    |Match       |8-bit  |16-bit  |32-bit  |Total Extractors  |Other  |
+-----------------------------------------+------------+-------+--------+--------+------------------+-------+
|$entry_point                             |*           |0      |0       |0       |0                 |       |
|start                                    |0b1*******  |0      |1       |0       |1                 |       |
|-                                        |0b0*******  |0      |1       |0       |1                 |       |
|TofinoIngressParser_parse_port_metadata  |0x0800      |1      |3       |2       |6                 |       |
|-                                        |0x86dd      |1      |3       |2       |6                 |       |
|-                                        |0x0806      |1      |3       |2       |6                 |       |
|-                                        |0x8100      |1      |3       |2       |6                 |       |
|-                                        |0x88a8      |1      |3       |2       |6                 |       |
|-                                        |0x****      |1      |3       |2       |6                 |       |
|parse_vlan                               |0x0800      |1      |2       |0       |3                 |       |
|-                                        |0x86dd      |1      |2       |0       |3                 |       |
|-                                        |0x0806      |1      |2       |0       |3                 |       |
|-                                        |0x8100      |1      |2       |0       |3                 |       |
|-                                        |0x****      |1      |2       |0       |3                 |       |
|parse_vlan.$it1                          |0x0800      |1      |2       |0       |3                 |       |
|-                                        |0x86dd      |1      |2       |0       |3                 |       |
|-                                        |0x0806      |1      |2       |0       |3                 |       |
|-                                        |0x8100      |1      |2       |0       |3                 |       |
|-                                        |0x****      |1      |2       |0       |3                 |       |
|parse_arp                                |*           |1      |4       |4       |9                 |       |
|parse_arp.$split_0                       |*           |0      |0       |1       |1                 |       |
|parse_ipv4                               |*           |1      |0       |4       |5                 |       |
|parse_ipv4.$split_0                      |*           |0      |0       |1       |1                 |       |
+-----------------------------------------+------------+-------+--------+--------+------------------+-------+
Number of states on egress: 1

Number of matches on egress: 1

Longest path (1 states) on egress:
    $entry_point.start

Timing is met for min-sized packet (73 B) running at 100 Gbps

Extractor usage:
+--------------------+-------+-------+--------+--------+------------------+-------+
|State               |Match  |8-bit  |16-bit  |32-bit  |Total Extractors  |Other  |
+--------------------+-------+-------+--------+--------+------------------+-------+
|$entry_point.start  |*      |0      |1       |0       |1                 |       |
+--------------------+-------+-------+--------+--------+------------------+-------+
